<?xml version="1.0" encoding="UTF-8"?>
<robot generator="Robot 5.0 (Python 3.7.9 on darwin)" generated="20220406 11:21:03.408" rpa="false" schemaversion="3">
<suite id="s1" name="testDemo6" source="/Users/ubhatia/PycharmProjects/UdemyRF/tests/testDemo6.robot">
<test id="s1-t1" name="Place order for multiple items" line="22">
<kw name="open the browser with Mortage Payment URL" library="generic" type="SETUP">
<kw name="Create Webdriver" library="Selenium2Library">
<arg>${BROWSER}</arg>
<arg>executable_path=/Users/ubhatia/PycharmProjects/UdemyRF/resources/drivers/chromedriver</arg>
<doc>Creates an instance of Selenium WebDriver.</doc>
<msg timestamp="20220406 11:21:03.594" level="INFO">Creating an instance of the Chrome WebDriver.</msg>
<status status="PASS" starttime="20220406 11:21:03.594" endtime="20220406 11:21:06.490"/>
</kw>
<kw name="Go To" library="Selenium2Library">
<arg>${URL}</arg>
<doc>Navigates the current browser window to the provided ``url``.</doc>
<msg timestamp="20220406 11:21:06.491" level="INFO">Opening url 'https://www.rahulshettyacademy.com/loginpagePractise/'</msg>
<status status="PASS" starttime="20220406 11:21:06.491" endtime="20220406 11:21:07.067"/>
</kw>
<kw name="Maximize Browser Window" library="Selenium2Library">
<doc>Maximizes current browser window.</doc>
<status status="PASS" starttime="20220406 11:21:07.067" endtime="20220406 11:21:07.205"/>
</kw>
<kw name="Set Browser Implicit Wait" library="Selenium2Library">
<arg>20s</arg>
<doc>Sets the implicit wait value used by Selenium.</doc>
<status status="PASS" starttime="20220406 11:21:07.205" endtime="20220406 11:21:07.207"/>
</kw>
<status status="PASS" starttime="20220406 11:21:03.593" endtime="20220406 11:21:07.207"/>
</kw>
<kw name="fill the form and login with" library="LandingPage">
<arg>User</arg>
<arg>${USERNAME}</arg>
<arg>${VALID PASSWORD}</arg>
<arg>Teacher</arg>
<kw name="Convert To Lower Case" library="String">
<var>${value}</var>
<arg>${role}</arg>
<doc>Converts string to lower case.</doc>
<msg timestamp="20220406 11:21:07.209" level="INFO">${value} = user</msg>
<status status="PASS" starttime="20220406 11:21:07.208" endtime="20220406 11:21:07.209"/>
</kw>
<kw name="Input Text" library="Selenium2Library">
<arg>${lct_username}</arg>
<arg>${user}</arg>
<doc>Types the given ``text`` into the text field identified by ``locator``.</doc>
<msg timestamp="20220406 11:21:07.210" level="INFO">Typing text 'rahulshettyacademy' into text field 'id:username'.</msg>
<status status="PASS" starttime="20220406 11:21:07.209" endtime="20220406 11:21:07.365"/>
</kw>
<kw name="Input Password" library="Selenium2Library">
<arg>${lct_password}</arg>
<arg>${pwd}</arg>
<doc>Types the given password into the text field identified by ``locator``.</doc>
<msg timestamp="20220406 11:21:07.366" level="INFO">Typing password into text field 'id:password'.</msg>
<msg timestamp="20220406 11:21:07.399" level="INFO">Temporally setting log level to: NONE</msg>
<msg timestamp="20220406 11:21:07.443" level="INFO">Log level changed from NONE to INFO.</msg>
<status status="PASS" starttime="20220406 11:21:07.365" endtime="20220406 11:21:07.443"/>
</kw>
<kw name="Log To Console" library="BuiltIn">
<arg>${value}</arg>
<doc>Logs the given message to the console.</doc>
<status status="PASS" starttime="20220406 11:21:07.443" endtime="20220406 11:21:07.443"/>
</kw>
<kw name="Click Element" library="Selenium2Library">
<arg>xpath://input[@value='${value}']</arg>
<doc>Click the element identified by ``locator``.</doc>
<msg timestamp="20220406 11:21:07.444" level="INFO">Clicking element 'xpath://input[@value='user']'.</msg>
<status status="PASS" starttime="20220406 11:21:07.443" endtime="20220406 11:21:07.530"/>
</kw>
<if>
<branch type="IF" condition="&quot;${value}&quot; == &quot;user&quot;">
<kw name="Click Element" library="Selenium2Library">
<arg>${lct_btn_okay}</arg>
<doc>Click the element identified by ``locator``.</doc>
<msg timestamp="20220406 11:21:07.530" level="INFO">Clicking element 'xpath://button[@class='btn btn-success']'.</msg>
<status status="PASS" starttime="20220406 11:21:07.530" endtime="20220406 11:21:07.676"/>
</kw>
<kw name="Sleep" library="BuiltIn">
<arg>3s</arg>
<doc>Pauses the test executed for the given time.</doc>
<msg timestamp="20220406 11:21:10.679" level="INFO">Slept 3 seconds</msg>
<status status="PASS" starttime="20220406 11:21:07.676" endtime="20220406 11:21:10.679"/>
</kw>
<kw name="Click Element" library="Selenium2Library">
<arg>${lct_btn_okay}</arg>
<doc>Click the element identified by ``locator``.</doc>
<msg timestamp="20220406 11:21:10.680" level="INFO">Clicking element 'xpath://button[@class='btn btn-success']'.</msg>
<status status="PASS" starttime="20220406 11:21:10.679" endtime="20220406 11:21:10.702"/>
</kw>
<status status="PASS" starttime="20220406 11:21:07.530" endtime="20220406 11:21:10.702"/>
</branch>
<status status="PASS" starttime="20220406 11:21:07.530" endtime="20220406 11:21:10.702"/>
</if>
<kw name="Wait Until Element Is Visible" library="Selenium2Library">
<arg>${lct_drp_select}</arg>
<doc>Waits until the element ``locator`` is visible.</doc>
<status status="PASS" starttime="20220406 11:21:10.702" endtime="20220406 11:21:10.723"/>
</kw>
<kw name="Select From List By Label" library="Selenium2Library">
<arg>${lct_drp_select}</arg>
<arg>${type}</arg>
<doc>Selects options from selection list ``locator`` by ``labels``.</doc>
<msg timestamp="20220406 11:21:10.723" level="INFO">Selecting options from selection list 'css:select.form-control' by label Teacher.</msg>
<status status="PASS" starttime="20220406 11:21:10.723" endtime="20220406 11:21:10.768"/>
</kw>
<kw name="Wait Until Element Is Enabled" library="Selenium2Library">
<arg>${lct_agree_terms}</arg>
<doc>Waits until the element ``locator`` is enabled.</doc>
<status status="PASS" starttime="20220406 11:21:10.768" endtime="20220406 11:21:10.793"/>
</kw>
<kw name="Click Element" library="Selenium2Library">
<arg>${lct_agree_terms}</arg>
<doc>Click the element identified by ``locator``.</doc>
<msg timestamp="20220406 11:21:10.794" level="INFO">Clicking element 'id:terms'.</msg>
<status status="PASS" starttime="20220406 11:21:10.794" endtime="20220406 11:21:11.045"/>
</kw>
<kw name="Click Button" library="Selenium2Library">
<arg>${lct_sign_btn}</arg>
<doc>Clicks the button identified by ``locator``.</doc>
<msg timestamp="20220406 11:21:11.046" level="INFO">Clicking button 'id:signInBtn'.</msg>
<status status="PASS" starttime="20220406 11:21:11.045" endtime="20220406 11:21:11.087"/>
</kw>
<status status="PASS" starttime="20220406 11:21:07.207" endtime="20220406 11:21:11.088"/>
</kw>
<kw name="wait for element to be visible" library="ShopPage">
<kw name="Wait Until Element Is Visible" library="Selenium2Library">
<arg>${CHECKOUT_LOCATOR}</arg>
<doc>Waits until the element ``locator`` is visible.</doc>
<status status="PASS" starttime="20220406 11:21:11.088" endtime="20220406 11:21:14.372"/>
</kw>
<status status="PASS" starttime="20220406 11:21:11.088" endtime="20220406 11:21:14.372"/>
</kw>
<kw name="verify card titles on shop page" library="ShopPage">
<kw name="Create List" library="BuiltIn">
<var>@{expected_list}</var>
<arg>iphone X</arg>
<arg>Samsung Note 8</arg>
<arg>Nokia Edge</arg>
<arg>Blackberry</arg>
<doc>Returns a list containing given items.</doc>
<msg timestamp="20220406 11:21:14.373" level="INFO">@{expected_list} = [ iphone X | Samsung Note 8 | Nokia Edge | Blackberry ]</msg>
<status status="PASS" starttime="20220406 11:21:14.373" endtime="20220406 11:21:14.373"/>
</kw>
<kw name="Get WebElements" library="Selenium2Library">
<var>@{elements}</var>
<arg>${css_card_titles}</arg>
<doc>Returns a list of WebElement objects matching the ``locator``.</doc>
<msg timestamp="20220406 11:21:14.382" level="INFO">@{elements} = [ &lt;selenium.webdriver.remote.webelement.WebElement (session="0804d30f9c2c629db0c6f91590116e9d", element="4f4da8b6-ae7a-4db0-850b-d1b5d92f4b8b")&gt; | &lt;selenium.webdriver.remote.webelement.WebElement (ses...</msg>
<status status="PASS" starttime="20220406 11:21:14.373" endtime="20220406 11:21:14.382"/>
</kw>
<kw name="Create List" library="BuiltIn">
<var>@{actual_list}</var>
<doc>Returns a list containing given items.</doc>
<msg timestamp="20220406 11:21:14.383" level="INFO">@{actual_list} = [ ]</msg>
<status status="PASS" starttime="20220406 11:21:14.382" endtime="20220406 11:21:14.383"/>
</kw>
<for flavor="IN">
<var>${element}</var>
<value>@{elements}</value>
<iter>
<var name="${element}">&lt;selenium.webdriver.remote.webelement.WebElement (session="0804d30f9c2c629db0c6f91590116e9d", element="4f4da8b6-ae7a-4db0-850b-d1b5d92f4b8b")&gt;</var>
<kw name="Append To List" library="Collections">
<arg>${actual_list}</arg>
<arg>${element.text}</arg>
<doc>Adds ``values`` to the end of ``list``.</doc>
<status status="PASS" starttime="20220406 11:21:14.383" endtime="20220406 11:21:14.395"/>
</kw>
<status status="PASS" starttime="20220406 11:21:14.383" endtime="20220406 11:21:14.395"/>
</iter>
<iter>
<var name="${element}">&lt;selenium.webdriver.remote.webelement.WebElement (session="0804d30f9c2c629db0c6f91590116e9d", element="dd934069-5e87-4d27-ab6f-b67c3864e6df")&gt;</var>
<kw name="Append To List" library="Collections">
<arg>${actual_list}</arg>
<arg>${element.text}</arg>
<doc>Adds ``values`` to the end of ``list``.</doc>
<status status="PASS" starttime="20220406 11:21:14.396" endtime="20220406 11:21:14.408"/>
</kw>
<status status="PASS" starttime="20220406 11:21:14.396" endtime="20220406 11:21:14.408"/>
</iter>
<iter>
<var name="${element}">&lt;selenium.webdriver.remote.webelement.WebElement (session="0804d30f9c2c629db0c6f91590116e9d", element="3f827ed3-19ff-43ae-9e33-0f3f166e7f88")&gt;</var>
<kw name="Append To List" library="Collections">
<arg>${actual_list}</arg>
<arg>${element.text}</arg>
<doc>Adds ``values`` to the end of ``list``.</doc>
<status status="PASS" starttime="20220406 11:21:14.408" endtime="20220406 11:21:14.420"/>
</kw>
<status status="PASS" starttime="20220406 11:21:14.408" endtime="20220406 11:21:14.420"/>
</iter>
<iter>
<var name="${element}">&lt;selenium.webdriver.remote.webelement.WebElement (session="0804d30f9c2c629db0c6f91590116e9d", element="4a6ac28d-dbb1-4a9f-b21a-70de85a03326")&gt;</var>
<kw name="Append To List" library="Collections">
<arg>${actual_list}</arg>
<arg>${element.text}</arg>
<doc>Adds ``values`` to the end of ``list``.</doc>
<status status="PASS" starttime="20220406 11:21:14.421" endtime="20220406 11:21:14.432"/>
</kw>
<status status="PASS" starttime="20220406 11:21:14.420" endtime="20220406 11:21:14.432"/>
</iter>
<status status="PASS" starttime="20220406 11:21:14.383" endtime="20220406 11:21:14.432"/>
</for>
<kw name="Lists Should Be Equal" library="Collections">
<arg>${expected_list}</arg>
<arg>${actual_list}</arg>
<doc>Fails if given lists are unequal.</doc>
<status status="PASS" starttime="20220406 11:21:14.432" endtime="20220406 11:21:14.433"/>
</kw>
<status status="PASS" starttime="20220406 11:21:14.372" endtime="20220406 11:21:14.433"/>
</kw>
<kw name="Add Items To Cart And Checkout" library="ShopPageKey">
<arg>${listOfProducts}</arg>
<msg timestamp="20220406 11:21:14.454" level="INFO">Clicking button 'xpath:(//*[@class='card-footer'])[3]/button'.</msg>
<msg timestamp="20220406 11:21:14.511" level="INFO">Clicking button 'xpath:(//*[@class='card-footer'])[4]/button'.</msg>
<msg timestamp="20220406 11:21:14.554" level="INFO">Clicking element 'css:li.active a'.</msg>
<status status="PASS" starttime="20220406 11:21:14.433" endtime="20220406 11:21:14.642"/>
</kw>
<kw name="verify items in the checkout page and proceed" library="CheckoutPage">
<arg>${listOfProducts}</arg>
<kw name="Get WebElements" library="Selenium2Library">
<var>@{elements}</var>
<arg>xpath://h4[@class='media-heading']/a</arg>
<doc>Returns a list of WebElement objects matching the ``locator``.</doc>
<msg timestamp="20220406 11:21:14.650" level="INFO">@{elements} = [ &lt;selenium.webdriver.remote.webelement.WebElement (session="0804d30f9c2c629db0c6f91590116e9d", element="0634b9d1-2afd-48bd-89b3-6893f543c6a3")&gt; | &lt;selenium.webdriver.remote.webelement.WebElement (ses...</msg>
<status status="PASS" starttime="20220406 11:21:14.643" endtime="20220406 11:21:14.650"/>
</kw>
<kw name="Create List" library="BuiltIn">
<var>@{mobile_list}</var>
<doc>Returns a list containing given items.</doc>
<msg timestamp="20220406 11:21:14.651" level="INFO">@{mobile_list} = [ ]</msg>
<status status="PASS" starttime="20220406 11:21:14.651" endtime="20220406 11:21:14.651"/>
</kw>
<for flavor="IN">
<var>${element}</var>
<value>@{elements}</value>
<iter>
<var name="${element}">&lt;selenium.webdriver.remote.webelement.WebElement (session="0804d30f9c2c629db0c6f91590116e9d", element="0634b9d1-2afd-48bd-89b3-6893f543c6a3")&gt;</var>
<kw name="Append To List" library="Collections">
<arg>${mobile_list}</arg>
<arg>${element.text}</arg>
<doc>Adds ``values`` to the end of ``list``.</doc>
<status status="PASS" starttime="20220406 11:21:14.651" endtime="20220406 11:21:14.661"/>
</kw>
<status status="PASS" starttime="20220406 11:21:14.651" endtime="20220406 11:21:14.661"/>
</iter>
<iter>
<var name="${element}">&lt;selenium.webdriver.remote.webelement.WebElement (session="0804d30f9c2c629db0c6f91590116e9d", element="b47b7996-ee3a-42dd-8b60-633b8a96cb37")&gt;</var>
<kw name="Append To List" library="Collections">
<arg>${mobile_list}</arg>
<arg>${element.text}</arg>
<doc>Adds ``values`` to the end of ``list``.</doc>
<status status="PASS" starttime="20220406 11:21:14.661" endtime="20220406 11:21:14.672"/>
</kw>
<status status="PASS" starttime="20220406 11:21:14.661" endtime="20220406 11:21:14.672"/>
</iter>
<status status="PASS" starttime="20220406 11:21:14.651" endtime="20220406 11:21:14.672"/>
</for>
<kw name="Reverse List" library="Collections">
<arg>${mobile_list}</arg>
<doc>Reverses the given list in place.</doc>
<status status="PASS" starttime="20220406 11:21:14.672" endtime="20220406 11:21:14.672"/>
</kw>
<kw name="Lists Should Be Equal" library="Collections">
<arg>${mobile_list}</arg>
<arg>${expected_list}</arg>
<doc>Fails if given lists are unequal.</doc>
<status status="PASS" starttime="20220406 11:21:14.672" endtime="20220406 11:21:14.673"/>
</kw>
<kw name="Click Button" library="Selenium2Library">
<arg>${lct_btn_checkout}</arg>
<doc>Clicks the button identified by ``locator``.</doc>
<msg timestamp="20220406 11:21:14.673" level="INFO">Clicking button 'xpath://button[@class='btn btn-success']'.</msg>
<status status="PASS" starttime="20220406 11:21:14.673" endtime="20220406 11:21:14.749"/>
</kw>
<status status="PASS" starttime="20220406 11:21:14.643" endtime="20220406 11:21:14.749"/>
</kw>
<kw name="enter delivery location and purchase" library="ConfirmationPage">
<arg>${country}</arg>
<kw name="Input Text" library="Selenium2Library">
<arg>country</arg>
<arg>${country}</arg>
<doc>Types the given ``text`` into the text field identified by ``locator``.</doc>
<msg timestamp="20220406 11:21:14.750" level="INFO">Typing text 'India' into text field 'country'.</msg>
<status status="PASS" starttime="20220406 11:21:14.750" endtime="20220406 11:21:14.848"/>
</kw>
<kw name="Wait Until Element Is Visible" library="Selenium2Library">
<arg>xpath://a[text()='${country}']</arg>
<doc>Waits until the element ``locator`` is visible.</doc>
<status status="PASS" starttime="20220406 11:21:14.848" endtime="20220406 11:21:19.879"/>
</kw>
<kw name="Click Element" library="Selenium2Library">
<arg>xpath://a[text()='${country}']</arg>
<doc>Click the element identified by ``locator``.</doc>
<msg timestamp="20220406 11:21:19.879" level="INFO">Clicking element 'xpath://a[text()='India']'.</msg>
<status status="PASS" starttime="20220406 11:21:19.879" endtime="20220406 11:21:19.936"/>
</kw>
<kw name="Execute Javascript" library="Selenium2Library">
<arg>document.getElementById("${lct_checkbox}").checked = true;</arg>
<doc>Executes the given JavaScript code with possible arguments.</doc>
<msg timestamp="20220406 11:21:19.937" level="INFO">Executing JavaScript:
document.getElementById("checkbox2").checked = true;
Without any arguments.</msg>
<status status="PASS" starttime="20220406 11:21:19.936" endtime="20220406 11:21:19.941"/>
</kw>
<kw name="Execute Javascript" library="Selenium2Library">
<arg>document.getElementsByClassName('${lct_btn_purchase}')[0].click();</arg>
<doc>Executes the given JavaScript code with possible arguments.</doc>
<msg timestamp="20220406 11:21:19.942" level="INFO">Executing JavaScript:
document.getElementsByClassName('btn btn-success btn-lg')[0].click();
Without any arguments.</msg>
<status status="PASS" starttime="20220406 11:21:19.941" endtime="20220406 11:21:19.947"/>
</kw>
<status status="PASS" starttime="20220406 11:21:14.749" endtime="20220406 11:21:19.947"/>
</kw>
<kw name="verify that order is placed" library="ConfirmationPage">
<kw name="Wait Until Element Is Visible" library="Selenium2Library">
<arg>${lct_success_msg}</arg>
<doc>Waits until the element ``locator`` is visible.</doc>
<status status="PASS" starttime="20220406 11:21:19.948" endtime="20220406 11:21:19.965"/>
</kw>
<kw name="Get Text" library="Selenium2Library">
<var>${msg_text}</var>
<arg>${lct_success_msg}</arg>
<doc>Returns the text value of the element identified by ``locator``.</doc>
<msg timestamp="20220406 11:21:19.981" level="INFO">${msg_text} = ×
Success! Thank you! Your order will be delivered in next few weeks :-).</msg>
<status status="PASS" starttime="20220406 11:21:19.965" endtime="20220406 11:21:19.981"/>
</kw>
<kw name="Log To Console" library="BuiltIn">
<arg>${msg_text}</arg>
<doc>Logs the given message to the console.</doc>
<status status="PASS" starttime="20220406 11:21:19.981" endtime="20220406 11:21:19.982"/>
</kw>
<kw name="Should Contain" library="BuiltIn">
<arg>${msg_text}</arg>
<arg>${expected_success_msg}</arg>
<doc>Fails if ``container`` does not contain ``item`` one or more times.</doc>
<status status="PASS" starttime="20220406 11:21:19.982" endtime="20220406 11:21:19.982"/>
</kw>
<status status="PASS" starttime="20220406 11:21:19.947" endtime="20220406 11:21:19.982"/>
</kw>
<kw name="delete cookies and close all browser sessions" library="generic" type="TEARDOWN">
<kw name="Delete All Cookies" library="Selenium2Library">
<doc>Deletes all cookies.</doc>
<status status="PASS" starttime="20220406 11:21:19.983" endtime="20220406 11:21:19.986"/>
</kw>
<kw name="Close All Browsers" library="Selenium2Library">
<doc>Closes all open browsers and resets the browser cache.</doc>
<status status="PASS" starttime="20220406 11:21:19.987" endtime="20220406 11:21:20.069"/>
</kw>
<status status="PASS" starttime="20220406 11:21:19.983" endtime="20220406 11:21:20.069"/>
</kw>
<status status="PASS" starttime="20220406 11:21:03.593" endtime="20220406 11:21:20.069"/>
</test>
<doc>To validate the login form</doc>
<status status="PASS" starttime="20220406 11:21:03.410" endtime="20220406 11:21:20.071"/>
</suite>
<statistics>
<total>
<stat pass="1" fail="0" skip="0">All Tests</stat>
</total>
<tag>
</tag>
<suite>
<stat pass="1" fail="0" skip="0" id="s1" name="testDemo6">testDemo6</stat>
</suite>
</statistics>
<errors>
</errors>
</robot>
