<?xml version="1.0" encoding="UTF-8"?>
<robot generator="Robot 5.0 (Python 3.7.9 on darwin)" generated="20220407 10:44:35.879" rpa="false" schemaversion="3">
<suite id="s1" name="UdemyRF" source="/Users/ubhatia/PycharmProjects/UdemyRF">
<suite id="s1-s1" name="Tests" source="/Users/ubhatia/PycharmProjects/UdemyRF/tests">
<suite id="s1-s1-s1" name="Testdemo6" source="/Users/ubhatia/PycharmProjects/UdemyRF/tests/testdemo6.robot">
<test id="s1-s1-s1-t1" name="Place order for multiple items" line="22">
<kw name="open the browser with Mortage Payment URL" library="generic" type="SETUP">
<kw name="Create Webdriver" library="Selenium2Library">
<arg>${BROWSER}</arg>
<arg>executable_path=/Users/ubhatia/PycharmProjects/UdemyRF/resources/drivers/chromedriver</arg>
<doc>Creates an instance of Selenium WebDriver.</doc>
<msg timestamp="20220407 10:44:36.089" level="INFO">Creating an instance of the Chrome WebDriver.</msg>
<status status="PASS" starttime="20220407 10:44:36.089" endtime="20220407 10:44:39.259"/>
</kw>
<kw name="Go To" library="Selenium2Library">
<arg>${URL}</arg>
<doc>Navigates the current browser window to the provided ``url``.</doc>
<msg timestamp="20220407 10:44:39.260" level="INFO">Opening url 'https://www.rahulshettyacademy.com/loginpagePractise/'</msg>
<status status="PASS" starttime="20220407 10:44:39.260" endtime="20220407 10:44:40.094"/>
</kw>
<kw name="Maximize Browser Window" library="Selenium2Library">
<doc>Maximizes current browser window.</doc>
<status status="PASS" starttime="20220407 10:44:40.094" endtime="20220407 10:44:40.236"/>
</kw>
<kw name="Set Browser Implicit Wait" library="Selenium2Library">
<arg>20s</arg>
<doc>Sets the implicit wait value used by Selenium.</doc>
<status status="PASS" starttime="20220407 10:44:40.236" endtime="20220407 10:44:40.237"/>
</kw>
<status status="PASS" starttime="20220407 10:44:36.088" endtime="20220407 10:44:40.237"/>
</kw>
<kw name="fill the form and login with" library="LandingPage">
<arg>User</arg>
<arg>${USERNAME}</arg>
<arg>${VALID PASSWORD}</arg>
<arg>Teacher</arg>
<kw name="Convert To Lower Case" library="String">
<var>${value}</var>
<arg>${role}</arg>
<doc>Converts string to lower case.</doc>
<msg timestamp="20220407 10:44:40.239" level="INFO">${value} = user</msg>
<status status="PASS" starttime="20220407 10:44:40.239" endtime="20220407 10:44:40.239"/>
</kw>
<kw name="Input Text" library="Selenium2Library">
<arg>${lct_username}</arg>
<arg>${user}</arg>
<doc>Types the given ``text`` into the text field identified by ``locator``.</doc>
<msg timestamp="20220407 10:44:40.240" level="INFO">Typing text 'rahulshettyacademy' into text field 'id:username'.</msg>
<status status="PASS" starttime="20220407 10:44:40.239" endtime="20220407 10:44:40.427"/>
</kw>
<kw name="Input Password" library="Selenium2Library">
<arg>${lct_password}</arg>
<arg>${pwd}</arg>
<doc>Types the given password into the text field identified by ``locator``.</doc>
<msg timestamp="20220407 10:44:40.428" level="INFO">Typing password into text field 'id:password'.</msg>
<msg timestamp="20220407 10:44:40.464" level="INFO">Temporally setting log level to: NONE</msg>
<msg timestamp="20220407 10:44:40.512" level="INFO">Log level changed from NONE to INFO.</msg>
<status status="PASS" starttime="20220407 10:44:40.427" endtime="20220407 10:44:40.512"/>
</kw>
<kw name="Log To Console" library="BuiltIn">
<arg>${value}</arg>
<doc>Logs the given message to the console.</doc>
<status status="PASS" starttime="20220407 10:44:40.512" endtime="20220407 10:44:40.512"/>
</kw>
<kw name="Click Element" library="Selenium2Library">
<arg>xpath://input[@value='${value}']</arg>
<doc>Click the element identified by ``locator``.</doc>
<msg timestamp="20220407 10:44:40.513" level="INFO">Clicking element 'xpath://input[@value='user']'.</msg>
<status status="PASS" starttime="20220407 10:44:40.512" endtime="20220407 10:44:40.611"/>
</kw>
<if>
<branch type="IF" condition="&quot;${value}&quot; == &quot;user&quot;">
<kw name="Click Element" library="Selenium2Library">
<arg>${lct_btn_okay}</arg>
<doc>Click the element identified by ``locator``.</doc>
<msg timestamp="20220407 10:44:40.612" level="INFO">Clicking element 'xpath://button[@class='btn btn-success']'.</msg>
<status status="PASS" starttime="20220407 10:44:40.612" endtime="20220407 10:44:40.762"/>
</kw>
<kw name="Sleep" library="BuiltIn">
<arg>3s</arg>
<doc>Pauses the test executed for the given time.</doc>
<msg timestamp="20220407 10:44:43.764" level="INFO">Slept 3 seconds</msg>
<status status="PASS" starttime="20220407 10:44:40.763" endtime="20220407 10:44:43.764"/>
</kw>
<kw name="Click Element" library="Selenium2Library">
<arg>${lct_btn_okay}</arg>
<doc>Click the element identified by ``locator``.</doc>
<msg timestamp="20220407 10:44:43.764" level="INFO">Clicking element 'xpath://button[@class='btn btn-success']'.</msg>
<status status="PASS" starttime="20220407 10:44:43.764" endtime="20220407 10:44:43.789"/>
</kw>
<status status="PASS" starttime="20220407 10:44:40.612" endtime="20220407 10:44:43.789"/>
</branch>
<status status="PASS" starttime="20220407 10:44:40.612" endtime="20220407 10:44:43.789"/>
</if>
<kw name="Wait Until Element Is Visible" library="Selenium2Library">
<arg>${lct_drp_select}</arg>
<doc>Waits until the element ``locator`` is visible.</doc>
<status status="PASS" starttime="20220407 10:44:43.789" endtime="20220407 10:44:43.810"/>
</kw>
<kw name="Select From List By Label" library="Selenium2Library">
<arg>${lct_drp_select}</arg>
<arg>${type}</arg>
<doc>Selects options from selection list ``locator`` by ``labels``.</doc>
<msg timestamp="20220407 10:44:43.810" level="INFO">Selecting options from selection list 'css:select.form-control' by label Teacher.</msg>
<status status="PASS" starttime="20220407 10:44:43.810" endtime="20220407 10:44:43.858"/>
</kw>
<kw name="Wait Until Element Is Enabled" library="Selenium2Library">
<arg>${lct_agree_terms}</arg>
<doc>Waits until the element ``locator`` is enabled.</doc>
<status status="PASS" starttime="20220407 10:44:43.858" endtime="20220407 10:44:43.886"/>
</kw>
<kw name="Click Element" library="Selenium2Library">
<arg>${lct_agree_terms}</arg>
<doc>Click the element identified by ``locator``.</doc>
<msg timestamp="20220407 10:44:43.887" level="INFO">Clicking element 'id:terms'.</msg>
<status status="PASS" starttime="20220407 10:44:43.886" endtime="20220407 10:44:44.143"/>
</kw>
<kw name="Click Button" library="Selenium2Library">
<arg>${lct_sign_btn}</arg>
<doc>Clicks the button identified by ``locator``.</doc>
<msg timestamp="20220407 10:44:44.143" level="INFO">Clicking button 'id:signInBtn'.</msg>
<status status="PASS" starttime="20220407 10:44:44.143" endtime="20220407 10:44:44.188"/>
</kw>
<status status="PASS" starttime="20220407 10:44:40.238" endtime="20220407 10:44:44.188"/>
</kw>
<kw name="wait for element to be visible" library="ShopPage">
<kw name="Wait Until Element Is Visible" library="Selenium2Library">
<arg>${CHECKOUT_LOCATOR}</arg>
<doc>Waits until the element ``locator`` is visible.</doc>
<status status="PASS" starttime="20220407 10:44:44.189" endtime="20220407 10:44:48.062"/>
</kw>
<status status="PASS" starttime="20220407 10:44:44.189" endtime="20220407 10:44:48.062"/>
</kw>
<kw name="verify card titles on shop page" library="ShopPage">
<kw name="Create List" library="BuiltIn">
<var>@{expected_list}</var>
<arg>iphone X</arg>
<arg>Samsung Note 8</arg>
<arg>Nokia Edge</arg>
<arg>Blackberry</arg>
<doc>Returns a list containing given items.</doc>
<msg timestamp="20220407 10:44:48.063" level="INFO">@{expected_list} = [ iphone X | Samsung Note 8 | Nokia Edge | Blackberry ]</msg>
<status status="PASS" starttime="20220407 10:44:48.063" endtime="20220407 10:44:48.063"/>
</kw>
<kw name="Get WebElements" library="Selenium2Library">
<var>@{elements}</var>
<arg>${css_card_titles}</arg>
<doc>Returns a list of WebElement objects matching the ``locator``.</doc>
<msg timestamp="20220407 10:44:48.074" level="INFO">@{elements} = [ &lt;selenium.webdriver.remote.webelement.WebElement (session="d774cc00239837fab45e30fe841bb121", element="9820de96-5820-4b16-8017-de889722b5fe")&gt; | &lt;selenium.webdriver.remote.webelement.WebElement (ses...</msg>
<status status="PASS" starttime="20220407 10:44:48.064" endtime="20220407 10:44:48.075"/>
</kw>
<kw name="Create List" library="BuiltIn">
<var>@{actual_list}</var>
<doc>Returns a list containing given items.</doc>
<msg timestamp="20220407 10:44:48.075" level="INFO">@{actual_list} = [ ]</msg>
<status status="PASS" starttime="20220407 10:44:48.075" endtime="20220407 10:44:48.075"/>
</kw>
<for flavor="IN">
<var>${element}</var>
<value>@{elements}</value>
<iter>
<var name="${element}">&lt;selenium.webdriver.remote.webelement.WebElement (session="d774cc00239837fab45e30fe841bb121", element="9820de96-5820-4b16-8017-de889722b5fe")&gt;</var>
<kw name="Append To List" library="Collections">
<arg>${actual_list}</arg>
<arg>${element.text}</arg>
<doc>Adds ``values`` to the end of ``list``.</doc>
<status status="PASS" starttime="20220407 10:44:48.076" endtime="20220407 10:44:48.088"/>
</kw>
<status status="PASS" starttime="20220407 10:44:48.075" endtime="20220407 10:44:48.088"/>
</iter>
<iter>
<var name="${element}">&lt;selenium.webdriver.remote.webelement.WebElement (session="d774cc00239837fab45e30fe841bb121", element="8e098f8b-9bf0-4894-b319-c1aa34491d7f")&gt;</var>
<kw name="Append To List" library="Collections">
<arg>${actual_list}</arg>
<arg>${element.text}</arg>
<doc>Adds ``values`` to the end of ``list``.</doc>
<status status="PASS" starttime="20220407 10:44:48.089" endtime="20220407 10:44:48.101"/>
</kw>
<status status="PASS" starttime="20220407 10:44:48.089" endtime="20220407 10:44:48.101"/>
</iter>
<iter>
<var name="${element}">&lt;selenium.webdriver.remote.webelement.WebElement (session="d774cc00239837fab45e30fe841bb121", element="be0a4a70-9f2f-4084-aa07-f4415b8b7388")&gt;</var>
<kw name="Append To List" library="Collections">
<arg>${actual_list}</arg>
<arg>${element.text}</arg>
<doc>Adds ``values`` to the end of ``list``.</doc>
<status status="PASS" starttime="20220407 10:44:48.102" endtime="20220407 10:44:48.114"/>
</kw>
<status status="PASS" starttime="20220407 10:44:48.101" endtime="20220407 10:44:48.114"/>
</iter>
<iter>
<var name="${element}">&lt;selenium.webdriver.remote.webelement.WebElement (session="d774cc00239837fab45e30fe841bb121", element="b851814f-d804-4113-bfac-cec32a15b096")&gt;</var>
<kw name="Append To List" library="Collections">
<arg>${actual_list}</arg>
<arg>${element.text}</arg>
<doc>Adds ``values`` to the end of ``list``.</doc>
<status status="PASS" starttime="20220407 10:44:48.114" endtime="20220407 10:44:48.126"/>
</kw>
<status status="PASS" starttime="20220407 10:44:48.114" endtime="20220407 10:44:48.126"/>
</iter>
<status status="PASS" starttime="20220407 10:44:48.075" endtime="20220407 10:44:48.126"/>
</for>
<kw name="Lists Should Be Equal" library="Collections">
<arg>${expected_list}</arg>
<arg>${actual_list}</arg>
<doc>Fails if given lists are unequal.</doc>
<status status="PASS" starttime="20220407 10:44:48.126" endtime="20220407 10:44:48.127"/>
</kw>
<status status="PASS" starttime="20220407 10:44:48.062" endtime="20220407 10:44:48.127"/>
</kw>
<kw name="Add Items To Cart And Checkout" library="ShopPageKey">
<arg>${listOfProducts}</arg>
<msg timestamp="20220407 10:44:48.147" level="INFO">Clicking button 'xpath:(//*[@class='card-footer'])[3]/button'.</msg>
<msg timestamp="20220407 10:44:48.217" level="INFO">Clicking button 'xpath:(//*[@class='card-footer'])[4]/button'.</msg>
<msg timestamp="20220407 10:44:48.267" level="INFO">Clicking element 'css:li.active a'.</msg>
<status status="PASS" starttime="20220407 10:44:48.127" endtime="20220407 10:44:48.365"/>
</kw>
<kw name="verify items in the checkout page and proceed" library="CheckoutPage">
<arg>${listOfProducts}</arg>
<kw name="Get WebElements" library="Selenium2Library">
<var>@{elements}</var>
<arg>xpath://h4[@class='media-heading']/a</arg>
<doc>Returns a list of WebElement objects matching the ``locator``.</doc>
<msg timestamp="20220407 10:44:48.375" level="INFO">@{elements} = [ &lt;selenium.webdriver.remote.webelement.WebElement (session="d774cc00239837fab45e30fe841bb121", element="bd52c099-a7f8-4be5-85b5-c074a2269bf3")&gt; | &lt;selenium.webdriver.remote.webelement.WebElement (ses...</msg>
<status status="PASS" starttime="20220407 10:44:48.365" endtime="20220407 10:44:48.375"/>
</kw>
<kw name="Create List" library="BuiltIn">
<var>@{mobile_list}</var>
<doc>Returns a list containing given items.</doc>
<msg timestamp="20220407 10:44:48.375" level="INFO">@{mobile_list} = [ ]</msg>
<status status="PASS" starttime="20220407 10:44:48.375" endtime="20220407 10:44:48.375"/>
</kw>
<for flavor="IN">
<var>${element}</var>
<value>@{elements}</value>
<iter>
<var name="${element}">&lt;selenium.webdriver.remote.webelement.WebElement (session="d774cc00239837fab45e30fe841bb121", element="bd52c099-a7f8-4be5-85b5-c074a2269bf3")&gt;</var>
<kw name="Append To List" library="Collections">
<arg>${mobile_list}</arg>
<arg>${element.text}</arg>
<doc>Adds ``values`` to the end of ``list``.</doc>
<status status="PASS" starttime="20220407 10:44:48.376" endtime="20220407 10:44:48.386"/>
</kw>
<status status="PASS" starttime="20220407 10:44:48.375" endtime="20220407 10:44:48.386"/>
</iter>
<iter>
<var name="${element}">&lt;selenium.webdriver.remote.webelement.WebElement (session="d774cc00239837fab45e30fe841bb121", element="5b7cc91f-1fbc-4b2b-b2ad-5433e2d02de4")&gt;</var>
<kw name="Append To List" library="Collections">
<arg>${mobile_list}</arg>
<arg>${element.text}</arg>
<doc>Adds ``values`` to the end of ``list``.</doc>
<status status="PASS" starttime="20220407 10:44:48.387" endtime="20220407 10:44:48.396"/>
</kw>
<status status="PASS" starttime="20220407 10:44:48.386" endtime="20220407 10:44:48.396"/>
</iter>
<status status="PASS" starttime="20220407 10:44:48.375" endtime="20220407 10:44:48.396"/>
</for>
<kw name="Reverse List" library="Collections">
<arg>${mobile_list}</arg>
<doc>Reverses the given list in place.</doc>
<status status="PASS" starttime="20220407 10:44:48.396" endtime="20220407 10:44:48.396"/>
</kw>
<kw name="Lists Should Be Equal" library="Collections">
<arg>${mobile_list}</arg>
<arg>${expected_list}</arg>
<doc>Fails if given lists are unequal.</doc>
<status status="PASS" starttime="20220407 10:44:48.397" endtime="20220407 10:44:48.397"/>
</kw>
<kw name="Click Button" library="Selenium2Library">
<arg>${lct_btn_checkout}</arg>
<doc>Clicks the button identified by ``locator``.</doc>
<msg timestamp="20220407 10:44:48.397" level="INFO">Clicking button 'xpath://button[@class='btn btn-success']'.</msg>
<status status="PASS" starttime="20220407 10:44:48.397" endtime="20220407 10:44:48.492"/>
</kw>
<status status="PASS" starttime="20220407 10:44:48.365" endtime="20220407 10:44:48.492"/>
</kw>
<kw name="enter delivery location and purchase" library="ConfirmationPage">
<arg>${country}</arg>
<kw name="Input Text" library="Selenium2Library">
<arg>country</arg>
<arg>${country}</arg>
<doc>Types the given ``text`` into the text field identified by ``locator``.</doc>
<msg timestamp="20220407 10:44:48.493" level="INFO">Typing text 'India' into text field 'country'.</msg>
<status status="PASS" starttime="20220407 10:44:48.493" endtime="20220407 10:44:48.607"/>
</kw>
<kw name="Wait Until Element Is Visible" library="Selenium2Library">
<arg>xpath://a[text()='${country}']</arg>
<doc>Waits until the element ``locator`` is visible.</doc>
<status status="PASS" starttime="20220407 10:44:48.608" endtime="20220407 10:44:53.637"/>
</kw>
<kw name="Click Element" library="Selenium2Library">
<arg>xpath://a[text()='${country}']</arg>
<doc>Click the element identified by ``locator``.</doc>
<msg timestamp="20220407 10:44:53.637" level="INFO">Clicking element 'xpath://a[text()='India']'.</msg>
<status status="PASS" starttime="20220407 10:44:53.637" endtime="20220407 10:44:53.696"/>
</kw>
<kw name="Execute Javascript" library="Selenium2Library">
<arg>document.getElementById("${lct_checkbox}").checked = true;</arg>
<doc>Executes the given JavaScript code with possible arguments.</doc>
<msg timestamp="20220407 10:44:53.697" level="INFO">Executing JavaScript:
document.getElementById("checkbox2").checked = true;
Without any arguments.</msg>
<status status="PASS" starttime="20220407 10:44:53.696" endtime="20220407 10:44:53.702"/>
</kw>
<kw name="Execute Javascript" library="Selenium2Library">
<arg>document.getElementsByClassName('${lct_btn_purchase}')[0].click();</arg>
<doc>Executes the given JavaScript code with possible arguments.</doc>
<msg timestamp="20220407 10:44:53.702" level="INFO">Executing JavaScript:
document.getElementsByClassName('btn btn-success btn-lg')[0].click();
Without any arguments.</msg>
<status status="PASS" starttime="20220407 10:44:53.702" endtime="20220407 10:44:53.707"/>
</kw>
<status status="PASS" starttime="20220407 10:44:48.492" endtime="20220407 10:44:53.707"/>
</kw>
<kw name="verify that order is placed" library="ConfirmationPage">
<kw name="Wait Until Element Is Visible" library="Selenium2Library">
<arg>${lct_success_msg}</arg>
<doc>Waits until the element ``locator`` is visible.</doc>
<status status="PASS" starttime="20220407 10:44:53.708" endtime="20220407 10:44:53.728"/>
</kw>
<kw name="Get Text" library="Selenium2Library">
<var>${msg_text}</var>
<arg>${lct_success_msg}</arg>
<doc>Returns the text value of the element identified by ``locator``.</doc>
<msg timestamp="20220407 10:44:53.747" level="INFO">${msg_text} = ×
Success! Thank you! Your order will be delivered in next few weeks :-).</msg>
<status status="PASS" starttime="20220407 10:44:53.728" endtime="20220407 10:44:53.747"/>
</kw>
<kw name="Should Contain" library="BuiltIn">
<arg>${msg_text}</arg>
<arg>${expected_success_msg}</arg>
<doc>Fails if ``container`` does not contain ``item`` one or more times.</doc>
<status status="PASS" starttime="20220407 10:44:53.748" endtime="20220407 10:44:53.748"/>
</kw>
<status status="PASS" starttime="20220407 10:44:53.708" endtime="20220407 10:44:53.748"/>
</kw>
<kw name="delete cookies and close all browser sessions" library="generic" type="TEARDOWN">
<kw name="Delete All Cookies" library="Selenium2Library">
<doc>Deletes all cookies.</doc>
<status status="PASS" starttime="20220407 10:44:53.749" endtime="20220407 10:44:53.753"/>
</kw>
<kw name="Close All Browsers" library="Selenium2Library">
<doc>Closes all open browsers and resets the browser cache.</doc>
<status status="PASS" starttime="20220407 10:44:53.754" endtime="20220407 10:44:53.846"/>
</kw>
<status status="PASS" starttime="20220407 10:44:53.749" endtime="20220407 10:44:53.846"/>
</kw>
<tag>REGRESSION</tag>
<status status="PASS" starttime="20220407 10:44:36.087" endtime="20220407 10:44:53.846"/>
</test>
<doc>To validate the login form</doc>
<status status="PASS" starttime="20220407 10:44:35.901" endtime="20220407 10:44:53.847"/>
</suite>
<status status="PASS" starttime="20220407 10:44:35.900" endtime="20220407 10:44:53.849"/>
</suite>
<status status="PASS" starttime="20220407 10:44:35.881" endtime="20220407 10:44:53.851"/>
</suite>
<statistics>
<total>
<stat pass="1" fail="0" skip="0">All Tests</stat>
</total>
<tag>
<stat pass="1" fail="0" skip="0">REGRESSION</stat>
</tag>
<suite>
<stat pass="1" fail="0" skip="0" id="s1" name="UdemyRF">UdemyRF</stat>
<stat pass="1" fail="0" skip="0" id="s1-s1" name="Tests">UdemyRF.Tests</stat>
<stat pass="1" fail="0" skip="0" id="s1-s1-s1" name="Testdemo6">UdemyRF.Tests.Testdemo6</stat>
</suite>
</statistics>
<errors>
</errors>
</robot>
