<?xml version="1.0" encoding="UTF-8"?>
<robot generator="Robot 5.0 (Python 3.7.9 on darwin)" generated="20220406 16:22:48.372" rpa="false" schemaversion="3">
<suite id="s1" name="UdemyRF" source="/Users/ubhatia/PycharmProjects/UdemyRF">
<suite id="s1-s1" name="Tests" source="/Users/ubhatia/PycharmProjects/UdemyRF/tests">
<suite id="s1-s1-s1" name="testDemo4" source="/Users/ubhatia/PycharmProjects/UdemyRF/tests/testDemo4.robot">
<test id="s1-s1-s1-t1" name="Inavlid Username" line="16">
<kw name="open the browser with Mortage Payment URL" type="SETUP">
<kw name="Create Webdriver" library="Selenium2Library">
<arg>${BROWSER}</arg>
<arg>executable_path=/Users/ubhatia/PycharmProjects/UdemyRF/resources/drivers/chromedriver</arg>
<doc>Creates an instance of Selenium WebDriver.</doc>
<msg timestamp="20220406 16:22:48.685" level="INFO">Creating an instance of the Chrome WebDriver.</msg>
<status status="PASS" starttime="20220406 16:22:48.684" endtime="20220406 16:22:55.033"/>
</kw>
<kw name="Go To" library="Selenium2Library">
<arg>${URL}</arg>
<doc>Navigates the current browser window to the provided ``url``.</doc>
<msg timestamp="20220406 16:22:55.035" level="INFO">Opening url 'https://www.rahulshettyacademy.com/loginpagePractise/'</msg>
<status status="PASS" starttime="20220406 16:22:55.034" endtime="20220406 16:22:59.180"/>
</kw>
<kw name="Maximize Browser Window" library="Selenium2Library">
<doc>Maximizes current browser window.</doc>
<status status="PASS" starttime="20220406 16:22:59.181" endtime="20220406 16:22:59.826"/>
</kw>
<kw name="Set Browser Implicit Wait" library="Selenium2Library">
<arg>20s</arg>
<doc>Sets the implicit wait value used by Selenium.</doc>
<status status="PASS" starttime="20220406 16:22:59.827" endtime="20220406 16:22:59.829"/>
</kw>
<status status="PASS" starttime="20220406 16:22:48.684" endtime="20220406 16:22:59.830"/>
</kw>
<kw name="Validate unsuccessful Login">
<arg>abcd</arg>
<arg>leraning</arg>
<kw name="fill the login form">
<arg>${user}</arg>
<arg>${pwd}</arg>
<kw name="Input Text" library="Selenium2Library">
<arg>id:username</arg>
<arg>${username}</arg>
<doc>Types the given ``text`` into the text field identified by ``locator``.</doc>
<msg timestamp="20220406 16:22:59.834" level="INFO">Typing text 'abcd' into text field 'id:username'.</msg>
<status status="PASS" starttime="20220406 16:22:59.833" endtime="20220406 16:23:00.024"/>
</kw>
<kw name="Input Password" library="Selenium2Library">
<arg>id:password</arg>
<arg>${password}</arg>
<doc>Types the given password into the text field identified by ``locator``.</doc>
<msg timestamp="20220406 16:23:00.025" level="INFO">Typing password into text field 'id:password'.</msg>
<msg timestamp="20220406 16:23:00.067" level="INFO">Temporally setting log level to: NONE</msg>
<msg timestamp="20220406 16:23:00.111" level="INFO">Log level changed from NONE to INFO.</msg>
<status status="PASS" starttime="20220406 16:23:00.024" endtime="20220406 16:23:00.111"/>
</kw>
<kw name="Click Element" library="Selenium2Library">
<arg>id:terms</arg>
<doc>Click the element identified by ``locator``.</doc>
<msg timestamp="20220406 16:23:00.112" level="INFO">Clicking element 'id:terms'.</msg>
<status status="PASS" starttime="20220406 16:23:00.112" endtime="20220406 16:23:00.167"/>
</kw>
<kw name="Click Button" library="Selenium2Library">
<arg>id:signInBtn</arg>
<doc>Clicks the button identified by ``locator``.</doc>
<msg timestamp="20220406 16:23:00.168" level="INFO">Clicking button 'id:signInBtn'.</msg>
<status status="PASS" starttime="20220406 16:23:00.167" endtime="20220406 16:23:00.241"/>
</kw>
<status status="PASS" starttime="20220406 16:22:59.831" endtime="20220406 16:23:00.242"/>
</kw>
<kw name="wait until it checks and displays error message">
<kw name="Wait Until Element Is Visible" library="Selenium2Library">
<arg>${ERROR_MESSAGE_LOCATOR}</arg>
<arg>3s</arg>
<doc>Waits until the element ``locator`` is visible.</doc>
<status status="PASS" starttime="20220406 16:23:00.243" endtime="20220406 16:23:02.547"/>
</kw>
<status status="PASS" starttime="20220406 16:23:00.242" endtime="20220406 16:23:02.548"/>
</kw>
<kw name="verify error message is correct">
<kw name="Get Text" library="Selenium2Library">
<var>${ERROR MESSAGE}</var>
<arg>${ERROR_MESSAGE_LOCATOR}</arg>
<doc>Returns the text value of the element identified by ``locator``.</doc>
<msg timestamp="20220406 16:23:02.608" level="INFO">${ERROR MESSAGE} = Incorrect username/password.</msg>
<status status="PASS" starttime="20220406 16:23:02.549" endtime="20220406 16:23:02.609"/>
</kw>
<kw name="Element Text Should Be" library="Selenium2Library">
<arg>${ERROR_MESSAGE_LOCATOR}</arg>
<arg>Incorrect username/password.</arg>
<doc>Verifies that element ``locator`` contains exact the text ``expected``.</doc>
<msg timestamp="20220406 16:23:02.611" level="INFO">Verifying element 'css:.alert-danger' contains exact text 'Incorrect username/password.'.</msg>
<status status="PASS" starttime="20220406 16:23:02.609" endtime="20220406 16:23:02.639"/>
</kw>
<status status="PASS" starttime="20220406 16:23:02.548" endtime="20220406 16:23:02.640"/>
</kw>
<status status="PASS" starttime="20220406 16:22:59.830" endtime="20220406 16:23:02.640"/>
</kw>
<kw name="delete cookies and close all browser sessions" type="TEARDOWN">
<kw name="Delete All Cookies" library="Selenium2Library">
<doc>Deletes all cookies.</doc>
<status status="PASS" starttime="20220406 16:23:02.642" endtime="20220406 16:23:02.649"/>
</kw>
<kw name="Close All Browsers" library="Selenium2Library">
<doc>Closes all open browsers and resets the browser cache.</doc>
<status status="PASS" starttime="20220406 16:23:02.650" endtime="20220406 16:23:02.807"/>
</kw>
<status status="PASS" starttime="20220406 16:23:02.641" endtime="20220406 16:23:02.808"/>
</kw>
<status status="PASS" starttime="20220406 16:22:48.682" endtime="20220406 16:23:02.809"/>
</test>
<test id="s1-s1-s1-t2" name="Invalid Password" line="17">
<kw name="open the browser with Mortage Payment URL" type="SETUP">
<kw name="Create Webdriver" library="Selenium2Library">
<arg>${BROWSER}</arg>
<arg>executable_path=/Users/ubhatia/PycharmProjects/UdemyRF/resources/drivers/chromedriver</arg>
<doc>Creates an instance of Selenium WebDriver.</doc>
<msg timestamp="20220406 16:23:02.814" level="INFO">Creating an instance of the Chrome WebDriver.</msg>
<status status="PASS" starttime="20220406 16:23:02.813" endtime="20220406 16:23:06.616"/>
</kw>
<kw name="Go To" library="Selenium2Library">
<arg>${URL}</arg>
<doc>Navigates the current browser window to the provided ``url``.</doc>
<msg timestamp="20220406 16:23:06.618" level="INFO">Opening url 'https://www.rahulshettyacademy.com/loginpagePractise/'</msg>
<status status="PASS" starttime="20220406 16:23:06.617" endtime="20220406 16:23:07.749"/>
</kw>
<kw name="Maximize Browser Window" library="Selenium2Library">
<doc>Maximizes current browser window.</doc>
<status status="PASS" starttime="20220406 16:23:07.749" endtime="20220406 16:23:07.876"/>
</kw>
<kw name="Set Browser Implicit Wait" library="Selenium2Library">
<arg>20s</arg>
<doc>Sets the implicit wait value used by Selenium.</doc>
<status status="PASS" starttime="20220406 16:23:07.876" endtime="20220406 16:23:07.877"/>
</kw>
<status status="PASS" starttime="20220406 16:23:02.813" endtime="20220406 16:23:07.878"/>
</kw>
<kw name="Validate unsuccessful Login">
<arg>rahulshettyacademy</arg>
<arg>abcd</arg>
<kw name="fill the login form">
<arg>${user}</arg>
<arg>${pwd}</arg>
<kw name="Input Text" library="Selenium2Library">
<arg>id:username</arg>
<arg>${username}</arg>
<doc>Types the given ``text`` into the text field identified by ``locator``.</doc>
<msg timestamp="20220406 16:23:07.880" level="INFO">Typing text 'rahulshettyacademy' into text field 'id:username'.</msg>
<status status="PASS" starttime="20220406 16:23:07.879" endtime="20220406 16:23:08.016"/>
</kw>
<kw name="Input Password" library="Selenium2Library">
<arg>id:password</arg>
<arg>${password}</arg>
<doc>Types the given password into the text field identified by ``locator``.</doc>
<msg timestamp="20220406 16:23:08.017" level="INFO">Typing password into text field 'id:password'.</msg>
<msg timestamp="20220406 16:23:08.053" level="INFO">Temporally setting log level to: NONE</msg>
<msg timestamp="20220406 16:23:08.105" level="INFO">Log level changed from NONE to INFO.</msg>
<status status="PASS" starttime="20220406 16:23:08.016" endtime="20220406 16:23:08.105"/>
</kw>
<kw name="Click Element" library="Selenium2Library">
<arg>id:terms</arg>
<doc>Click the element identified by ``locator``.</doc>
<msg timestamp="20220406 16:23:08.106" level="INFO">Clicking element 'id:terms'.</msg>
<status status="PASS" starttime="20220406 16:23:08.105" endtime="20220406 16:23:08.149"/>
</kw>
<kw name="Click Button" library="Selenium2Library">
<arg>id:signInBtn</arg>
<doc>Clicks the button identified by ``locator``.</doc>
<msg timestamp="20220406 16:23:08.149" level="INFO">Clicking button 'id:signInBtn'.</msg>
<status status="PASS" starttime="20220406 16:23:08.149" endtime="20220406 16:23:08.216"/>
</kw>
<status status="PASS" starttime="20220406 16:23:07.879" endtime="20220406 16:23:08.217"/>
</kw>
<kw name="wait until it checks and displays error message">
<kw name="Wait Until Element Is Visible" library="Selenium2Library">
<arg>${ERROR_MESSAGE_LOCATOR}</arg>
<arg>3s</arg>
<doc>Waits until the element ``locator`` is visible.</doc>
<status status="PASS" starttime="20220406 16:23:08.218" endtime="20220406 16:23:10.399"/>
</kw>
<status status="PASS" starttime="20220406 16:23:08.217" endtime="20220406 16:23:10.399"/>
</kw>
<kw name="verify error message is correct">
<kw name="Get Text" library="Selenium2Library">
<var>${ERROR MESSAGE}</var>
<arg>${ERROR_MESSAGE_LOCATOR}</arg>
<doc>Returns the text value of the element identified by ``locator``.</doc>
<msg timestamp="20220406 16:23:10.416" level="INFO">${ERROR MESSAGE} = Incorrect username/password.</msg>
<status status="PASS" starttime="20220406 16:23:10.400" endtime="20220406 16:23:10.416"/>
</kw>
<kw name="Element Text Should Be" library="Selenium2Library">
<arg>${ERROR_MESSAGE_LOCATOR}</arg>
<arg>Incorrect username/password.</arg>
<doc>Verifies that element ``locator`` contains exact the text ``expected``.</doc>
<msg timestamp="20220406 16:23:10.417" level="INFO">Verifying element 'css:.alert-danger' contains exact text 'Incorrect username/password.'.</msg>
<status status="PASS" starttime="20220406 16:23:10.416" endtime="20220406 16:23:10.427"/>
</kw>
<status status="PASS" starttime="20220406 16:23:10.399" endtime="20220406 16:23:10.428"/>
</kw>
<status status="PASS" starttime="20220406 16:23:07.878" endtime="20220406 16:23:10.428"/>
</kw>
<kw name="delete cookies and close all browser sessions" type="TEARDOWN">
<kw name="Delete All Cookies" library="Selenium2Library">
<doc>Deletes all cookies.</doc>
<status status="PASS" starttime="20220406 16:23:10.429" endtime="20220406 16:23:10.432"/>
</kw>
<kw name="Close All Browsers" library="Selenium2Library">
<doc>Closes all open browsers and resets the browser cache.</doc>
<status status="PASS" starttime="20220406 16:23:10.433" endtime="20220406 16:23:10.547"/>
</kw>
<status status="PASS" starttime="20220406 16:23:10.428" endtime="20220406 16:23:10.547"/>
</kw>
<status status="PASS" starttime="20220406 16:23:02.811" endtime="20220406 16:23:10.547"/>
</test>
<test id="s1-s1-s1-t3" name="Invalid Username and Password" line="18">
<kw name="open the browser with Mortage Payment URL" type="SETUP">
<kw name="Create Webdriver" library="Selenium2Library">
<arg>${BROWSER}</arg>
<arg>executable_path=/Users/ubhatia/PycharmProjects/UdemyRF/resources/drivers/chromedriver</arg>
<doc>Creates an instance of Selenium WebDriver.</doc>
<msg timestamp="20220406 16:23:10.549" level="INFO">Creating an instance of the Chrome WebDriver.</msg>
<status status="PASS" starttime="20220406 16:23:10.549" endtime="20220406 16:23:13.087"/>
</kw>
<kw name="Go To" library="Selenium2Library">
<arg>${URL}</arg>
<doc>Navigates the current browser window to the provided ``url``.</doc>
<msg timestamp="20220406 16:23:13.089" level="INFO">Opening url 'https://www.rahulshettyacademy.com/loginpagePractise/'</msg>
<status status="PASS" starttime="20220406 16:23:13.088" endtime="20220406 16:23:13.964"/>
</kw>
<kw name="Maximize Browser Window" library="Selenium2Library">
<doc>Maximizes current browser window.</doc>
<status status="PASS" starttime="20220406 16:23:13.964" endtime="20220406 16:23:14.107"/>
</kw>
<kw name="Set Browser Implicit Wait" library="Selenium2Library">
<arg>20s</arg>
<doc>Sets the implicit wait value used by Selenium.</doc>
<status status="PASS" starttime="20220406 16:23:14.107" endtime="20220406 16:23:14.109"/>
</kw>
<status status="PASS" starttime="20220406 16:23:10.549" endtime="20220406 16:23:14.110"/>
</kw>
<kw name="Validate unsuccessful Login">
<arg>abcd</arg>
<arg>1234</arg>
<kw name="fill the login form">
<arg>${user}</arg>
<arg>${pwd}</arg>
<kw name="Input Text" library="Selenium2Library">
<arg>id:username</arg>
<arg>${username}</arg>
<doc>Types the given ``text`` into the text field identified by ``locator``.</doc>
<msg timestamp="20220406 16:23:14.112" level="INFO">Typing text 'abcd' into text field 'id:username'.</msg>
<status status="PASS" starttime="20220406 16:23:14.111" endtime="20220406 16:23:14.265"/>
</kw>
<kw name="Input Password" library="Selenium2Library">
<arg>id:password</arg>
<arg>${password}</arg>
<doc>Types the given password into the text field identified by ``locator``.</doc>
<msg timestamp="20220406 16:23:14.266" level="INFO">Typing password into text field 'id:password'.</msg>
<msg timestamp="20220406 16:23:14.305" level="INFO">Temporally setting log level to: NONE</msg>
<msg timestamp="20220406 16:23:14.351" level="INFO">Log level changed from NONE to INFO.</msg>
<status status="PASS" starttime="20220406 16:23:14.265" endtime="20220406 16:23:14.351"/>
</kw>
<kw name="Click Element" library="Selenium2Library">
<arg>id:terms</arg>
<doc>Click the element identified by ``locator``.</doc>
<msg timestamp="20220406 16:23:14.353" level="INFO">Clicking element 'id:terms'.</msg>
<status status="PASS" starttime="20220406 16:23:14.352" endtime="20220406 16:23:14.442"/>
</kw>
<kw name="Click Button" library="Selenium2Library">
<arg>id:signInBtn</arg>
<doc>Clicks the button identified by ``locator``.</doc>
<msg timestamp="20220406 16:23:14.444" level="INFO">Clicking button 'id:signInBtn'.</msg>
<status status="PASS" starttime="20220406 16:23:14.443" endtime="20220406 16:23:14.492"/>
</kw>
<status status="PASS" starttime="20220406 16:23:14.111" endtime="20220406 16:23:14.493"/>
</kw>
<kw name="wait until it checks and displays error message">
<kw name="Wait Until Element Is Visible" library="Selenium2Library">
<arg>${ERROR_MESSAGE_LOCATOR}</arg>
<arg>3s</arg>
<doc>Waits until the element ``locator`` is visible.</doc>
<status status="PASS" starttime="20220406 16:23:14.494" endtime="20220406 16:23:16.698"/>
</kw>
<status status="PASS" starttime="20220406 16:23:14.493" endtime="20220406 16:23:16.698"/>
</kw>
<kw name="verify error message is correct">
<kw name="Get Text" library="Selenium2Library">
<var>${ERROR MESSAGE}</var>
<arg>${ERROR_MESSAGE_LOCATOR}</arg>
<doc>Returns the text value of the element identified by ``locator``.</doc>
<msg timestamp="20220406 16:23:16.717" level="INFO">${ERROR MESSAGE} = Incorrect username/password.</msg>
<status status="PASS" starttime="20220406 16:23:16.699" endtime="20220406 16:23:16.717"/>
</kw>
<kw name="Element Text Should Be" library="Selenium2Library">
<arg>${ERROR_MESSAGE_LOCATOR}</arg>
<arg>Incorrect username/password.</arg>
<doc>Verifies that element ``locator`` contains exact the text ``expected``.</doc>
<msg timestamp="20220406 16:23:16.719" level="INFO">Verifying element 'css:.alert-danger' contains exact text 'Incorrect username/password.'.</msg>
<status status="PASS" starttime="20220406 16:23:16.718" endtime="20220406 16:23:16.730"/>
</kw>
<status status="PASS" starttime="20220406 16:23:16.699" endtime="20220406 16:23:16.731"/>
</kw>
<status status="PASS" starttime="20220406 16:23:14.110" endtime="20220406 16:23:16.731"/>
</kw>
<kw name="delete cookies and close all browser sessions" type="TEARDOWN">
<kw name="Delete All Cookies" library="Selenium2Library">
<doc>Deletes all cookies.</doc>
<status status="PASS" starttime="20220406 16:23:16.732" endtime="20220406 16:23:16.737"/>
</kw>
<kw name="Close All Browsers" library="Selenium2Library">
<doc>Closes all open browsers and resets the browser cache.</doc>
<status status="PASS" starttime="20220406 16:23:16.737" endtime="20220406 16:23:16.812"/>
</kw>
<status status="PASS" starttime="20220406 16:23:16.731" endtime="20220406 16:23:16.812"/>
</kw>
<status status="PASS" starttime="20220406 16:23:10.548" endtime="20220406 16:23:16.812"/>
</test>
<doc>Parametrization in Robot framework</doc>
<status status="PASS" starttime="20220406 16:22:48.408" endtime="20220406 16:23:16.814"/>
</suite>
<status status="PASS" starttime="20220406 16:22:48.406" endtime="20220406 16:23:16.816"/>
</suite>
<status status="PASS" starttime="20220406 16:22:48.385" endtime="20220406 16:23:16.819"/>
</suite>
<statistics>
<total>
<stat pass="3" fail="0" skip="0">All Tests</stat>
</total>
<tag>
</tag>
<suite>
<stat pass="3" fail="0" skip="0" id="s1" name="UdemyRF">UdemyRF</stat>
<stat pass="3" fail="0" skip="0" id="s1-s1" name="Tests">UdemyRF.Tests</stat>
<stat pass="3" fail="0" skip="0" id="s1-s1-s1" name="testDemo4">UdemyRF.Tests.testDemo4</stat>
</suite>
</statistics>
<errors>
</errors>
</robot>
