<?xml version="1.0" encoding="UTF-8"?>
<robot generator="Robot 5.0 (Python 3.7.9 on darwin)" generated="20220406 13:01:40.658" rpa="false" schemaversion="3">
<suite id="s1" name="UdemyRF" source="/Users/ubhatia/PycharmProjects/UdemyRF">
<suite id="s1-s1" name="Tests" source="/Users/ubhatia/PycharmProjects/UdemyRF/tests">
<suite id="s1-s1-s1" name="testDemo4" source="/Users/ubhatia/PycharmProjects/UdemyRF/tests/testDemo4.robot">
<test id="s1-s1-s1-t1" name="Inavlid Username" line="16">
<kw name="open the browser with Mortage Payment URL" type="SETUP">
<kw name="Create Webdriver" library="Selenium2Library">
<arg>${BROWSER}</arg>
<arg>executable_path=/Users/ubhatia/PycharmProjects/UdemyRF/resources/drivers/chromedriver</arg>
<doc>Creates an instance of Selenium WebDriver.</doc>
<msg timestamp="20220406 13:01:41.117" level="INFO">Creating an instance of the Chrome WebDriver.</msg>
<status status="PASS" starttime="20220406 13:01:41.116" endtime="20220406 13:01:46.634"/>
</kw>
<kw name="Go To" library="Selenium2Library">
<arg>${URL}</arg>
<doc>Navigates the current browser window to the provided ``url``.</doc>
<msg timestamp="20220406 13:01:46.636" level="INFO">Opening url 'https://www.rahulshettyacademy.com/loginpagePractise/'</msg>
<status status="PASS" starttime="20220406 13:01:46.635" endtime="20220406 13:01:50.624"/>
</kw>
<kw name="Maximize Browser Window" library="Selenium2Library">
<doc>Maximizes current browser window.</doc>
<status status="PASS" starttime="20220406 13:01:50.624" endtime="20220406 13:01:50.883"/>
</kw>
<kw name="Set Browser Implicit Wait" library="Selenium2Library">
<arg>20s</arg>
<doc>Sets the implicit wait value used by Selenium.</doc>
<status status="PASS" starttime="20220406 13:01:50.884" endtime="20220406 13:01:50.886"/>
</kw>
<status status="PASS" starttime="20220406 13:01:41.116" endtime="20220406 13:01:50.887"/>
</kw>
<kw name="Validate unsuccessful Login">
<arg>abcd</arg>
<arg>leraning</arg>
<kw name="fill the login form">
<arg>${user}</arg>
<arg>${pwd}</arg>
<kw name="Input Text" library="Selenium2Library">
<arg>id:username</arg>
<arg>${username}</arg>
<doc>Types the given ``text`` into the text field identified by ``locator``.</doc>
<msg timestamp="20220406 13:01:50.891" level="INFO">Typing text 'abcd' into text field 'id:username'.</msg>
<status status="PASS" starttime="20220406 13:01:50.890" endtime="20220406 13:01:51.335"/>
</kw>
<kw name="Input Password" library="Selenium2Library">
<arg>id:password</arg>
<arg>${password}</arg>
<doc>Types the given password into the text field identified by ``locator``.</doc>
<msg timestamp="20220406 13:01:51.337" level="INFO">Typing password into text field 'id:password'.</msg>
<msg timestamp="20220406 13:01:51.388" level="INFO">Temporally setting log level to: NONE</msg>
<msg timestamp="20220406 13:01:51.586" level="INFO">Log level changed from NONE to INFO.</msg>
<status status="PASS" starttime="20220406 13:01:51.336" endtime="20220406 13:01:51.586"/>
</kw>
<kw name="Click Element" library="Selenium2Library">
<arg>id:terms</arg>
<doc>Click the element identified by ``locator``.</doc>
<msg timestamp="20220406 13:01:51.587" level="INFO">Clicking element 'id:terms'.</msg>
<status status="PASS" starttime="20220406 13:01:51.586" endtime="20220406 13:01:51.755"/>
</kw>
<kw name="Click Button" library="Selenium2Library">
<arg>id:signInBtn</arg>
<doc>Clicks the button identified by ``locator``.</doc>
<msg timestamp="20220406 13:01:51.757" level="INFO">Clicking button 'id:signInBtn'.</msg>
<status status="PASS" starttime="20220406 13:01:51.756" endtime="20220406 13:01:51.893"/>
</kw>
<status status="PASS" starttime="20220406 13:01:50.888" endtime="20220406 13:01:51.894"/>
</kw>
<kw name="wait until it checks and displays error message">
<kw name="Wait Until Element Is Visible" library="Selenium2Library">
<arg>${ERROR_MESSAGE_LOCATOR}</arg>
<arg>3s</arg>
<doc>Waits until the element ``locator`` is visible.</doc>
<status status="PASS" starttime="20220406 13:01:51.895" endtime="20220406 13:01:53.978"/>
</kw>
<status status="PASS" starttime="20220406 13:01:51.894" endtime="20220406 13:01:53.979"/>
</kw>
<kw name="verify error message is correct">
<kw name="Get Text" library="Selenium2Library">
<var>${ERROR MESSAGE}</var>
<arg>${ERROR_MESSAGE_LOCATOR}</arg>
<doc>Returns the text value of the element identified by ``locator``.</doc>
<msg timestamp="20220406 13:01:54.002" level="INFO">${ERROR MESSAGE} = Incorrect username/password.</msg>
<status status="PASS" starttime="20220406 13:01:53.980" endtime="20220406 13:01:54.002"/>
</kw>
<kw name="Element Text Should Be" library="Selenium2Library">
<arg>${ERROR_MESSAGE_LOCATOR}</arg>
<arg>Incorrect username/password.</arg>
<doc>Verifies that element ``locator`` contains exact the text ``expected``.</doc>
<msg timestamp="20220406 13:01:54.003" level="INFO">Verifying element 'css:.alert-danger' contains exact text 'Incorrect username/password.'.</msg>
<status status="PASS" starttime="20220406 13:01:54.002" endtime="20220406 13:01:54.032"/>
</kw>
<status status="PASS" starttime="20220406 13:01:53.979" endtime="20220406 13:01:54.033"/>
</kw>
<status status="PASS" starttime="20220406 13:01:50.887" endtime="20220406 13:01:54.034"/>
</kw>
<kw name="delete cookies and close all browser sessions" type="TEARDOWN">
<kw name="Delete All Cookies" library="Selenium2Library">
<doc>Deletes all cookies.</doc>
<status status="PASS" starttime="20220406 13:01:54.035" endtime="20220406 13:01:54.045"/>
</kw>
<kw name="Close All Browsers" library="Selenium2Library">
<doc>Closes all open browsers and resets the browser cache.</doc>
<status status="PASS" starttime="20220406 13:01:54.045" endtime="20220406 13:01:54.469"/>
</kw>
<status status="PASS" starttime="20220406 13:01:54.034" endtime="20220406 13:01:54.470"/>
</kw>
<status status="PASS" starttime="20220406 13:01:41.115" endtime="20220406 13:01:54.470"/>
</test>
<test id="s1-s1-s1-t2" name="Invalid Password" line="17">
<kw name="open the browser with Mortage Payment URL" type="SETUP">
<kw name="Create Webdriver" library="Selenium2Library">
<arg>${BROWSER}</arg>
<arg>executable_path=/Users/ubhatia/PycharmProjects/UdemyRF/resources/drivers/chromedriver</arg>
<doc>Creates an instance of Selenium WebDriver.</doc>
<msg timestamp="20220406 13:01:54.474" level="INFO">Creating an instance of the Chrome WebDriver.</msg>
<status status="PASS" starttime="20220406 13:01:54.474" endtime="20220406 13:01:58.087"/>
</kw>
<kw name="Go To" library="Selenium2Library">
<arg>${URL}</arg>
<doc>Navigates the current browser window to the provided ``url``.</doc>
<msg timestamp="20220406 13:01:58.089" level="INFO">Opening url 'https://www.rahulshettyacademy.com/loginpagePractise/'</msg>
<status status="PASS" starttime="20220406 13:01:58.088" endtime="20220406 13:01:59.509"/>
</kw>
<kw name="Maximize Browser Window" library="Selenium2Library">
<doc>Maximizes current browser window.</doc>
<status status="PASS" starttime="20220406 13:01:59.509" endtime="20220406 13:02:00.196"/>
</kw>
<kw name="Set Browser Implicit Wait" library="Selenium2Library">
<arg>20s</arg>
<doc>Sets the implicit wait value used by Selenium.</doc>
<status status="PASS" starttime="20220406 13:02:00.197" endtime="20220406 13:02:00.200"/>
</kw>
<status status="PASS" starttime="20220406 13:01:54.473" endtime="20220406 13:02:00.200"/>
</kw>
<kw name="Validate unsuccessful Login">
<arg>rahulshettyacademy</arg>
<arg>abcd</arg>
<kw name="fill the login form">
<arg>${user}</arg>
<arg>${pwd}</arg>
<kw name="Input Text" library="Selenium2Library">
<arg>id:username</arg>
<arg>${username}</arg>
<doc>Types the given ``text`` into the text field identified by ``locator``.</doc>
<msg timestamp="20220406 13:02:00.202" level="INFO">Typing text 'rahulshettyacademy' into text field 'id:username'.</msg>
<status status="PASS" starttime="20220406 13:02:00.202" endtime="20220406 13:02:00.339"/>
</kw>
<kw name="Input Password" library="Selenium2Library">
<arg>id:password</arg>
<arg>${password}</arg>
<doc>Types the given password into the text field identified by ``locator``.</doc>
<msg timestamp="20220406 13:02:00.340" level="INFO">Typing password into text field 'id:password'.</msg>
<msg timestamp="20220406 13:02:00.379" level="INFO">Temporally setting log level to: NONE</msg>
<msg timestamp="20220406 13:02:00.413" level="INFO">Log level changed from NONE to INFO.</msg>
<status status="PASS" starttime="20220406 13:02:00.339" endtime="20220406 13:02:00.414"/>
</kw>
<kw name="Click Element" library="Selenium2Library">
<arg>id:terms</arg>
<doc>Click the element identified by ``locator``.</doc>
<msg timestamp="20220406 13:02:00.414" level="INFO">Clicking element 'id:terms'.</msg>
<status status="PASS" starttime="20220406 13:02:00.414" endtime="20220406 13:02:00.459"/>
</kw>
<kw name="Click Button" library="Selenium2Library">
<arg>id:signInBtn</arg>
<doc>Clicks the button identified by ``locator``.</doc>
<msg timestamp="20220406 13:02:00.460" level="INFO">Clicking button 'id:signInBtn'.</msg>
<status status="PASS" starttime="20220406 13:02:00.459" endtime="20220406 13:02:00.506"/>
</kw>
<status status="PASS" starttime="20220406 13:02:00.201" endtime="20220406 13:02:00.506"/>
</kw>
<kw name="wait until it checks and displays error message">
<kw name="Wait Until Element Is Visible" library="Selenium2Library">
<arg>${ERROR_MESSAGE_LOCATOR}</arg>
<arg>3s</arg>
<doc>Waits until the element ``locator`` is visible.</doc>
<status status="PASS" starttime="20220406 13:02:00.507" endtime="20220406 13:02:02.700"/>
</kw>
<status status="PASS" starttime="20220406 13:02:00.507" endtime="20220406 13:02:02.701"/>
</kw>
<kw name="verify error message is correct">
<kw name="Get Text" library="Selenium2Library">
<var>${ERROR MESSAGE}</var>
<arg>${ERROR_MESSAGE_LOCATOR}</arg>
<doc>Returns the text value of the element identified by ``locator``.</doc>
<msg timestamp="20220406 13:02:02.720" level="INFO">${ERROR MESSAGE} = Incorrect username/password.</msg>
<status status="PASS" starttime="20220406 13:02:02.702" endtime="20220406 13:02:02.720"/>
</kw>
<kw name="Element Text Should Be" library="Selenium2Library">
<arg>${ERROR_MESSAGE_LOCATOR}</arg>
<arg>Incorrect username/password.</arg>
<doc>Verifies that element ``locator`` contains exact the text ``expected``.</doc>
<msg timestamp="20220406 13:02:02.721" level="INFO">Verifying element 'css:.alert-danger' contains exact text 'Incorrect username/password.'.</msg>
<status status="PASS" starttime="20220406 13:02:02.721" endtime="20220406 13:02:02.733"/>
</kw>
<status status="PASS" starttime="20220406 13:02:02.701" endtime="20220406 13:02:02.733"/>
</kw>
<status status="PASS" starttime="20220406 13:02:00.201" endtime="20220406 13:02:02.733"/>
</kw>
<kw name="delete cookies and close all browser sessions" type="TEARDOWN">
<kw name="Delete All Cookies" library="Selenium2Library">
<doc>Deletes all cookies.</doc>
<status status="PASS" starttime="20220406 13:02:02.734" endtime="20220406 13:02:02.738"/>
</kw>
<kw name="Close All Browsers" library="Selenium2Library">
<doc>Closes all open browsers and resets the browser cache.</doc>
<status status="PASS" starttime="20220406 13:02:02.739" endtime="20220406 13:02:03.048"/>
</kw>
<status status="PASS" starttime="20220406 13:02:02.734" endtime="20220406 13:02:03.049"/>
</kw>
<status status="PASS" starttime="20220406 13:01:54.471" endtime="20220406 13:02:03.049"/>
</test>
<test id="s1-s1-s1-t3" name="Invalid Username and Password" line="18">
<kw name="open the browser with Mortage Payment URL" type="SETUP">
<kw name="Create Webdriver" library="Selenium2Library">
<arg>${BROWSER}</arg>
<arg>executable_path=/Users/ubhatia/PycharmProjects/UdemyRF/resources/drivers/chromedriver</arg>
<doc>Creates an instance of Selenium WebDriver.</doc>
<msg timestamp="20220406 13:02:03.054" level="INFO">Creating an instance of the Chrome WebDriver.</msg>
<status status="PASS" starttime="20220406 13:02:03.053" endtime="20220406 13:02:06.817"/>
</kw>
<kw name="Go To" library="Selenium2Library">
<arg>${URL}</arg>
<doc>Navigates the current browser window to the provided ``url``.</doc>
<msg timestamp="20220406 13:02:06.819" level="INFO">Opening url 'https://www.rahulshettyacademy.com/loginpagePractise/'</msg>
<status status="PASS" starttime="20220406 13:02:06.818" endtime="20220406 13:02:07.856"/>
</kw>
<kw name="Maximize Browser Window" library="Selenium2Library">
<doc>Maximizes current browser window.</doc>
<status status="PASS" starttime="20220406 13:02:07.856" endtime="20220406 13:02:08.011"/>
</kw>
<kw name="Set Browser Implicit Wait" library="Selenium2Library">
<arg>20s</arg>
<doc>Sets the implicit wait value used by Selenium.</doc>
<status status="PASS" starttime="20220406 13:02:08.012" endtime="20220406 13:02:08.014"/>
</kw>
<status status="PASS" starttime="20220406 13:02:03.052" endtime="20220406 13:02:08.014"/>
</kw>
<kw name="Validate unsuccessful Login">
<arg>abcd</arg>
<arg>1234</arg>
<kw name="fill the login form">
<arg>${user}</arg>
<arg>${pwd}</arg>
<kw name="Input Text" library="Selenium2Library">
<arg>id:username</arg>
<arg>${username}</arg>
<doc>Types the given ``text`` into the text field identified by ``locator``.</doc>
<msg timestamp="20220406 13:02:08.016" level="INFO">Typing text 'abcd' into text field 'id:username'.</msg>
<status status="PASS" starttime="20220406 13:02:08.015" endtime="20220406 13:02:08.205"/>
</kw>
<kw name="Input Password" library="Selenium2Library">
<arg>id:password</arg>
<arg>${password}</arg>
<doc>Types the given password into the text field identified by ``locator``.</doc>
<msg timestamp="20220406 13:02:08.206" level="INFO">Typing password into text field 'id:password'.</msg>
<msg timestamp="20220406 13:02:08.248" level="INFO">Temporally setting log level to: NONE</msg>
<msg timestamp="20220406 13:02:08.295" level="INFO">Log level changed from NONE to INFO.</msg>
<status status="PASS" starttime="20220406 13:02:08.206" endtime="20220406 13:02:08.295"/>
</kw>
<kw name="Click Element" library="Selenium2Library">
<arg>id:terms</arg>
<doc>Click the element identified by ``locator``.</doc>
<msg timestamp="20220406 13:02:08.296" level="INFO">Clicking element 'id:terms'.</msg>
<status status="PASS" starttime="20220406 13:02:08.296" endtime="20220406 13:02:08.374"/>
</kw>
<kw name="Click Button" library="Selenium2Library">
<arg>id:signInBtn</arg>
<doc>Clicks the button identified by ``locator``.</doc>
<msg timestamp="20220406 13:02:08.375" level="INFO">Clicking button 'id:signInBtn'.</msg>
<status status="PASS" starttime="20220406 13:02:08.374" endtime="20220406 13:02:08.428"/>
</kw>
<status status="PASS" starttime="20220406 13:02:08.015" endtime="20220406 13:02:08.429"/>
</kw>
<kw name="wait until it checks and displays error message">
<kw name="Wait Until Element Is Visible" library="Selenium2Library">
<arg>${ERROR_MESSAGE_LOCATOR}</arg>
<arg>3s</arg>
<doc>Waits until the element ``locator`` is visible.</doc>
<status status="PASS" starttime="20220406 13:02:08.430" endtime="20220406 13:02:10.619"/>
</kw>
<status status="PASS" starttime="20220406 13:02:08.429" endtime="20220406 13:02:10.619"/>
</kw>
<kw name="verify error message is correct">
<kw name="Get Text" library="Selenium2Library">
<var>${ERROR MESSAGE}</var>
<arg>${ERROR_MESSAGE_LOCATOR}</arg>
<doc>Returns the text value of the element identified by ``locator``.</doc>
<msg timestamp="20220406 13:02:10.637" level="INFO">${ERROR MESSAGE} = Incorrect username/password.</msg>
<status status="PASS" starttime="20220406 13:02:10.620" endtime="20220406 13:02:10.637"/>
</kw>
<kw name="Element Text Should Be" library="Selenium2Library">
<arg>${ERROR_MESSAGE_LOCATOR}</arg>
<arg>Incorrect username/password.</arg>
<doc>Verifies that element ``locator`` contains exact the text ``expected``.</doc>
<msg timestamp="20220406 13:02:10.638" level="INFO">Verifying element 'css:.alert-danger' contains exact text 'Incorrect username/password.'.</msg>
<status status="PASS" starttime="20220406 13:02:10.637" endtime="20220406 13:02:10.648"/>
</kw>
<status status="PASS" starttime="20220406 13:02:10.620" endtime="20220406 13:02:10.649"/>
</kw>
<status status="PASS" starttime="20220406 13:02:08.014" endtime="20220406 13:02:10.649"/>
</kw>
<kw name="delete cookies and close all browser sessions" type="TEARDOWN">
<kw name="Delete All Cookies" library="Selenium2Library">
<doc>Deletes all cookies.</doc>
<status status="PASS" starttime="20220406 13:02:10.650" endtime="20220406 13:02:10.654"/>
</kw>
<kw name="Close All Browsers" library="Selenium2Library">
<doc>Closes all open browsers and resets the browser cache.</doc>
<status status="PASS" starttime="20220406 13:02:10.660" endtime="20220406 13:02:10.751"/>
</kw>
<status status="PASS" starttime="20220406 13:02:10.649" endtime="20220406 13:02:10.751"/>
</kw>
<status status="PASS" starttime="20220406 13:02:03.051" endtime="20220406 13:02:10.751"/>
</test>
<doc>Parametrization in Robot framework</doc>
<status status="PASS" starttime="20220406 13:01:40.698" endtime="20220406 13:02:10.753"/>
</suite>
<status status="PASS" starttime="20220406 13:01:40.695" endtime="20220406 13:02:10.756"/>
</suite>
<status status="PASS" starttime="20220406 13:01:40.666" endtime="20220406 13:02:10.759"/>
</suite>
<statistics>
<total>
<stat pass="3" fail="0" skip="0">All Tests</stat>
</total>
<tag>
</tag>
<suite>
<stat pass="3" fail="0" skip="0" id="s1" name="UdemyRF">UdemyRF</stat>
<stat pass="3" fail="0" skip="0" id="s1-s1" name="Tests">UdemyRF.Tests</stat>
<stat pass="3" fail="0" skip="0" id="s1-s1-s1" name="testDemo4">UdemyRF.Tests.testDemo4</stat>
</suite>
</statistics>
<errors>
</errors>
</robot>
