<?xml version="1.0" encoding="UTF-8"?>
<robot generator="Robot 5.0 (Python 3.7.9 on darwin)" generated="20220406 16:22:48.380" rpa="false" schemaversion="3">
<suite id="s1" name="UdemyRF" source="/Users/ubhatia/PycharmProjects/UdemyRF">
<suite id="s1-s1" name="Tests" source="/Users/ubhatia/PycharmProjects/UdemyRF/tests">
<suite id="s1-s1-s1" name="testDemo5" source="/Users/ubhatia/PycharmProjects/UdemyRF/tests/testDemo5.robot">
<test id="s1-s1-s1-t1" name="Invalid Username" line="19">
<kw name="open the browser with Mortage Payment URL" type="SETUP">
<kw name="Create Webdriver" library="Selenium2Library">
<arg>${BROWSER}</arg>
<arg>executable_path=/Users/ubhatia/PycharmProjects/UdemyRF/resources/drivers/chromedriver</arg>
<doc>Creates an instance of Selenium WebDriver.</doc>
<msg timestamp="20220406 16:22:48.714" level="INFO">Creating an instance of the Chrome WebDriver.</msg>
<status status="PASS" starttime="20220406 16:22:48.714" endtime="20220406 16:22:55.032"/>
</kw>
<kw name="Go To" library="Selenium2Library">
<arg>${URL}</arg>
<doc>Navigates the current browser window to the provided ``url``.</doc>
<msg timestamp="20220406 16:22:55.034" level="INFO">Opening url 'https://www.rahulshettyacademy.com/loginpagePractise/'</msg>
<status status="PASS" starttime="20220406 16:22:55.033" endtime="20220406 16:22:58.829"/>
</kw>
<kw name="Maximize Browser Window" library="Selenium2Library">
<doc>Maximizes current browser window.</doc>
<status status="PASS" starttime="20220406 16:22:58.830" endtime="20220406 16:22:59.094"/>
</kw>
<kw name="Set Browser Implicit Wait" library="Selenium2Library">
<arg>20s</arg>
<doc>Sets the implicit wait value used by Selenium.</doc>
<status status="PASS" starttime="20220406 16:22:59.095" endtime="20220406 16:22:59.097"/>
</kw>
<status status="PASS" starttime="20220406 16:22:48.713" endtime="20220406 16:22:59.098"/>
</kw>
<kw name="Validate unsuccessful Login">
<arg>abcd</arg>
<arg>learning</arg>
<kw name="fill the login form">
<arg>${user}</arg>
<arg>${pwd}</arg>
<kw name="Input Text" library="Selenium2Library">
<arg>id:username</arg>
<arg>${username}</arg>
<doc>Types the given ``text`` into the text field identified by ``locator``.</doc>
<msg timestamp="20220406 16:22:59.102" level="INFO">Typing text 'abcd' into text field 'id:username'.</msg>
<status status="PASS" starttime="20220406 16:22:59.101" endtime="20220406 16:22:59.394"/>
</kw>
<kw name="Input Password" library="Selenium2Library">
<arg>id:password</arg>
<arg>${password}</arg>
<doc>Types the given password into the text field identified by ``locator``.</doc>
<msg timestamp="20220406 16:22:59.395" level="INFO">Typing password into text field 'id:password'.</msg>
<msg timestamp="20220406 16:22:59.439" level="INFO">Temporally setting log level to: NONE</msg>
<msg timestamp="20220406 16:22:59.494" level="INFO">Log level changed from NONE to INFO.</msg>
<status status="PASS" starttime="20220406 16:22:59.394" endtime="20220406 16:22:59.495"/>
</kw>
<kw name="Click Element" library="Selenium2Library">
<arg>id:terms</arg>
<doc>Click the element identified by ``locator``.</doc>
<msg timestamp="20220406 16:22:59.496" level="INFO">Clicking element 'id:terms'.</msg>
<status status="PASS" starttime="20220406 16:22:59.495" endtime="20220406 16:22:59.633"/>
</kw>
<kw name="Click Button" library="Selenium2Library">
<arg>id:signInBtn</arg>
<doc>Clicks the button identified by ``locator``.</doc>
<msg timestamp="20220406 16:22:59.634" level="INFO">Clicking button 'id:signInBtn'.</msg>
<status status="PASS" starttime="20220406 16:22:59.633" endtime="20220406 16:22:59.807"/>
</kw>
<status status="PASS" starttime="20220406 16:22:59.100" endtime="20220406 16:22:59.807"/>
</kw>
<kw name="wait until it checks and displays error message">
<kw name="Wait Until Element Is Visible" library="Selenium2Library">
<arg>${ERROR_MESSAGE_LOCATOR}</arg>
<arg>3s</arg>
<doc>Waits until the element ``locator`` is visible.</doc>
<status status="PASS" starttime="20220406 16:22:59.808" endtime="20220406 16:23:01.961"/>
</kw>
<status status="PASS" starttime="20220406 16:22:59.807" endtime="20220406 16:23:01.962"/>
</kw>
<kw name="verify error message is correct">
<kw name="Get Text" library="Selenium2Library">
<var>${ERROR MESSAGE}</var>
<arg>${ERROR_MESSAGE_LOCATOR}</arg>
<doc>Returns the text value of the element identified by ``locator``.</doc>
<msg timestamp="20220406 16:23:01.993" level="INFO">${ERROR MESSAGE} = Incorrect username/password.</msg>
<status status="PASS" starttime="20220406 16:23:01.963" endtime="20220406 16:23:01.993"/>
</kw>
<kw name="Element Text Should Be" library="Selenium2Library">
<arg>${ERROR_MESSAGE_LOCATOR}</arg>
<arg>Incorrect username/password.</arg>
<doc>Verifies that element ``locator`` contains exact the text ``expected``.</doc>
<msg timestamp="20220406 16:23:01.994" level="INFO">Verifying element 'css:.alert-danger' contains exact text 'Incorrect username/password.'.</msg>
<status status="PASS" starttime="20220406 16:23:01.993" endtime="20220406 16:23:02.008"/>
</kw>
<status status="PASS" starttime="20220406 16:23:01.963" endtime="20220406 16:23:02.008"/>
</kw>
<status status="PASS" starttime="20220406 16:22:59.099" endtime="20220406 16:23:02.009"/>
</kw>
<kw name="delete cookies and close all browser sessions" type="TEARDOWN">
<kw name="Delete All Cookies" library="Selenium2Library">
<doc>Deletes all cookies.</doc>
<status status="PASS" starttime="20220406 16:23:02.010" endtime="20220406 16:23:02.017"/>
</kw>
<kw name="Close All Browsers" library="Selenium2Library">
<doc>Closes all open browsers and resets the browser cache.</doc>
<status status="PASS" starttime="20220406 16:23:02.018" endtime="20220406 16:23:02.471"/>
</kw>
<status status="PASS" starttime="20220406 16:23:02.009" endtime="20220406 16:23:02.471"/>
</kw>
<status status="PASS" starttime="20220406 16:22:48.711" endtime="20220406 16:23:02.472"/>
</test>
<test id="s1-s1-s1-t2" name="Invalid Password" line="19">
<kw name="open the browser with Mortage Payment URL" type="SETUP">
<kw name="Create Webdriver" library="Selenium2Library">
<arg>${BROWSER}</arg>
<arg>executable_path=/Users/ubhatia/PycharmProjects/UdemyRF/resources/drivers/chromedriver</arg>
<doc>Creates an instance of Selenium WebDriver.</doc>
<msg timestamp="20220406 16:23:02.491" level="INFO">Creating an instance of the Chrome WebDriver.</msg>
<status status="PASS" starttime="20220406 16:23:02.490" endtime="20220406 16:23:06.616"/>
</kw>
<kw name="Go To" library="Selenium2Library">
<arg>${URL}</arg>
<doc>Navigates the current browser window to the provided ``url``.</doc>
<msg timestamp="20220406 16:23:06.619" level="INFO">Opening url 'https://www.rahulshettyacademy.com/loginpagePractise/'</msg>
<status status="PASS" starttime="20220406 16:23:06.617" endtime="20220406 16:23:08.618"/>
</kw>
<kw name="Maximize Browser Window" library="Selenium2Library">
<doc>Maximizes current browser window.</doc>
<status status="PASS" starttime="20220406 16:23:08.618" endtime="20220406 16:23:08.743"/>
</kw>
<kw name="Set Browser Implicit Wait" library="Selenium2Library">
<arg>20s</arg>
<doc>Sets the implicit wait value used by Selenium.</doc>
<status status="PASS" starttime="20220406 16:23:08.743" endtime="20220406 16:23:08.745"/>
</kw>
<status status="PASS" starttime="20220406 16:23:02.481" endtime="20220406 16:23:08.745"/>
</kw>
<kw name="Validate unsuccessful Login">
<arg>rahulshettyacademy</arg>
<arg>pqrst</arg>
<kw name="fill the login form">
<arg>${user}</arg>
<arg>${pwd}</arg>
<kw name="Input Text" library="Selenium2Library">
<arg>id:username</arg>
<arg>${username}</arg>
<doc>Types the given ``text`` into the text field identified by ``locator``.</doc>
<msg timestamp="20220406 16:23:08.747" level="INFO">Typing text 'rahulshettyacademy' into text field 'id:username'.</msg>
<status status="PASS" starttime="20220406 16:23:08.746" endtime="20220406 16:23:08.883"/>
</kw>
<kw name="Input Password" library="Selenium2Library">
<arg>id:password</arg>
<arg>${password}</arg>
<doc>Types the given password into the text field identified by ``locator``.</doc>
<msg timestamp="20220406 16:23:08.884" level="INFO">Typing password into text field 'id:password'.</msg>
<msg timestamp="20220406 16:23:08.918" level="INFO">Temporally setting log level to: NONE</msg>
<msg timestamp="20220406 16:23:08.958" level="INFO">Log level changed from NONE to INFO.</msg>
<status status="PASS" starttime="20220406 16:23:08.883" endtime="20220406 16:23:08.959"/>
</kw>
<kw name="Click Element" library="Selenium2Library">
<arg>id:terms</arg>
<doc>Click the element identified by ``locator``.</doc>
<msg timestamp="20220406 16:23:08.959" level="INFO">Clicking element 'id:terms'.</msg>
<status status="PASS" starttime="20220406 16:23:08.959" endtime="20220406 16:23:09.002"/>
</kw>
<kw name="Click Button" library="Selenium2Library">
<arg>id:signInBtn</arg>
<doc>Clicks the button identified by ``locator``.</doc>
<msg timestamp="20220406 16:23:09.003" level="INFO">Clicking button 'id:signInBtn'.</msg>
<status status="PASS" starttime="20220406 16:23:09.002" endtime="20220406 16:23:09.074"/>
</kw>
<status status="PASS" starttime="20220406 16:23:08.746" endtime="20220406 16:23:09.074"/>
</kw>
<kw name="wait until it checks and displays error message">
<kw name="Wait Until Element Is Visible" library="Selenium2Library">
<arg>${ERROR_MESSAGE_LOCATOR}</arg>
<arg>3s</arg>
<doc>Waits until the element ``locator`` is visible.</doc>
<status status="PASS" starttime="20220406 16:23:09.075" endtime="20220406 16:23:11.266"/>
</kw>
<status status="PASS" starttime="20220406 16:23:09.074" endtime="20220406 16:23:11.267"/>
</kw>
<kw name="verify error message is correct">
<kw name="Get Text" library="Selenium2Library">
<var>${ERROR MESSAGE}</var>
<arg>${ERROR_MESSAGE_LOCATOR}</arg>
<doc>Returns the text value of the element identified by ``locator``.</doc>
<msg timestamp="20220406 16:23:11.287" level="INFO">${ERROR MESSAGE} = Incorrect username/password.</msg>
<status status="PASS" starttime="20220406 16:23:11.267" endtime="20220406 16:23:11.287"/>
</kw>
<kw name="Element Text Should Be" library="Selenium2Library">
<arg>${ERROR_MESSAGE_LOCATOR}</arg>
<arg>Incorrect username/password.</arg>
<doc>Verifies that element ``locator`` contains exact the text ``expected``.</doc>
<msg timestamp="20220406 16:23:11.288" level="INFO">Verifying element 'css:.alert-danger' contains exact text 'Incorrect username/password.'.</msg>
<status status="PASS" starttime="20220406 16:23:11.288" endtime="20220406 16:23:11.299"/>
</kw>
<status status="PASS" starttime="20220406 16:23:11.267" endtime="20220406 16:23:11.299"/>
</kw>
<status status="PASS" starttime="20220406 16:23:08.745" endtime="20220406 16:23:11.299"/>
</kw>
<kw name="delete cookies and close all browser sessions" type="TEARDOWN">
<kw name="Delete All Cookies" library="Selenium2Library">
<doc>Deletes all cookies.</doc>
<status status="PASS" starttime="20220406 16:23:11.300" endtime="20220406 16:23:11.305"/>
</kw>
<kw name="Close All Browsers" library="Selenium2Library">
<doc>Closes all open browsers and resets the browser cache.</doc>
<status status="PASS" starttime="20220406 16:23:11.305" endtime="20220406 16:23:11.384"/>
</kw>
<status status="PASS" starttime="20220406 16:23:11.300" endtime="20220406 16:23:11.384"/>
</kw>
<status status="PASS" starttime="20220406 16:23:02.474" endtime="20220406 16:23:11.384"/>
</test>
<test id="s1-s1-s1-t3" name="Invalid Username and Password" line="19">
<kw name="open the browser with Mortage Payment URL" type="SETUP">
<kw name="Create Webdriver" library="Selenium2Library">
<arg>${BROWSER}</arg>
<arg>executable_path=/Users/ubhatia/PycharmProjects/UdemyRF/resources/drivers/chromedriver</arg>
<doc>Creates an instance of Selenium WebDriver.</doc>
<msg timestamp="20220406 16:23:11.390" level="INFO">Creating an instance of the Chrome WebDriver.</msg>
<status status="PASS" starttime="20220406 16:23:11.389" endtime="20220406 16:23:13.900"/>
</kw>
<kw name="Go To" library="Selenium2Library">
<arg>${URL}</arg>
<doc>Navigates the current browser window to the provided ``url``.</doc>
<msg timestamp="20220406 16:23:13.902" level="INFO">Opening url 'https://www.rahulshettyacademy.com/loginpagePractise/'</msg>
<status status="PASS" starttime="20220406 16:23:13.901" endtime="20220406 16:23:14.700"/>
</kw>
<kw name="Maximize Browser Window" library="Selenium2Library">
<doc>Maximizes current browser window.</doc>
<status status="PASS" starttime="20220406 16:23:14.700" endtime="20220406 16:23:14.842"/>
</kw>
<kw name="Set Browser Implicit Wait" library="Selenium2Library">
<arg>20s</arg>
<doc>Sets the implicit wait value used by Selenium.</doc>
<status status="PASS" starttime="20220406 16:23:14.843" endtime="20220406 16:23:14.844"/>
</kw>
<status status="PASS" starttime="20220406 16:23:11.388" endtime="20220406 16:23:14.845"/>
</kw>
<kw name="Validate unsuccessful Login">
<arg>dwvfwrf</arg>
<arg>betbeev</arg>
<kw name="fill the login form">
<arg>${user}</arg>
<arg>${pwd}</arg>
<kw name="Input Text" library="Selenium2Library">
<arg>id:username</arg>
<arg>${username}</arg>
<doc>Types the given ``text`` into the text field identified by ``locator``.</doc>
<msg timestamp="20220406 16:23:14.847" level="INFO">Typing text 'dwvfwrf' into text field 'id:username'.</msg>
<status status="PASS" starttime="20220406 16:23:14.846" endtime="20220406 16:23:15.030"/>
</kw>
<kw name="Input Password" library="Selenium2Library">
<arg>id:password</arg>
<arg>${password}</arg>
<doc>Types the given password into the text field identified by ``locator``.</doc>
<msg timestamp="20220406 16:23:15.031" level="INFO">Typing password into text field 'id:password'.</msg>
<msg timestamp="20220406 16:23:15.070" level="INFO">Temporally setting log level to: NONE</msg>
<msg timestamp="20220406 16:23:15.116" level="INFO">Log level changed from NONE to INFO.</msg>
<status status="PASS" starttime="20220406 16:23:15.031" endtime="20220406 16:23:15.116"/>
</kw>
<kw name="Click Element" library="Selenium2Library">
<arg>id:terms</arg>
<doc>Click the element identified by ``locator``.</doc>
<msg timestamp="20220406 16:23:15.117" level="INFO">Clicking element 'id:terms'.</msg>
<status status="PASS" starttime="20220406 16:23:15.116" endtime="20220406 16:23:15.191"/>
</kw>
<kw name="Click Button" library="Selenium2Library">
<arg>id:signInBtn</arg>
<doc>Clicks the button identified by ``locator``.</doc>
<msg timestamp="20220406 16:23:15.191" level="INFO">Clicking button 'id:signInBtn'.</msg>
<status status="PASS" starttime="20220406 16:23:15.191" endtime="20220406 16:23:15.241"/>
</kw>
<status status="PASS" starttime="20220406 16:23:14.846" endtime="20220406 16:23:15.241"/>
</kw>
<kw name="wait until it checks and displays error message">
<kw name="Wait Until Element Is Visible" library="Selenium2Library">
<arg>${ERROR_MESSAGE_LOCATOR}</arg>
<arg>3s</arg>
<doc>Waits until the element ``locator`` is visible.</doc>
<status status="PASS" starttime="20220406 16:23:15.242" endtime="20220406 16:23:17.432"/>
</kw>
<status status="PASS" starttime="20220406 16:23:15.241" endtime="20220406 16:23:17.432"/>
</kw>
<kw name="verify error message is correct">
<kw name="Get Text" library="Selenium2Library">
<var>${ERROR MESSAGE}</var>
<arg>${ERROR_MESSAGE_LOCATOR}</arg>
<doc>Returns the text value of the element identified by ``locator``.</doc>
<msg timestamp="20220406 16:23:17.450" level="INFO">${ERROR MESSAGE} = Incorrect username/password.</msg>
<status status="PASS" starttime="20220406 16:23:17.433" endtime="20220406 16:23:17.450"/>
</kw>
<kw name="Element Text Should Be" library="Selenium2Library">
<arg>${ERROR_MESSAGE_LOCATOR}</arg>
<arg>Incorrect username/password.</arg>
<doc>Verifies that element ``locator`` contains exact the text ``expected``.</doc>
<msg timestamp="20220406 16:23:17.451" level="INFO">Verifying element 'css:.alert-danger' contains exact text 'Incorrect username/password.'.</msg>
<status status="PASS" starttime="20220406 16:23:17.451" endtime="20220406 16:23:17.464"/>
</kw>
<status status="PASS" starttime="20220406 16:23:17.432" endtime="20220406 16:23:17.464"/>
</kw>
<status status="PASS" starttime="20220406 16:23:14.845" endtime="20220406 16:23:17.464"/>
</kw>
<kw name="delete cookies and close all browser sessions" type="TEARDOWN">
<kw name="Delete All Cookies" library="Selenium2Library">
<doc>Deletes all cookies.</doc>
<status status="PASS" starttime="20220406 16:23:17.465" endtime="20220406 16:23:17.470"/>
</kw>
<kw name="Close All Browsers" library="Selenium2Library">
<doc>Closes all open browsers and resets the browser cache.</doc>
<status status="PASS" starttime="20220406 16:23:17.471" endtime="20220406 16:23:17.566"/>
</kw>
<status status="PASS" starttime="20220406 16:23:17.465" endtime="20220406 16:23:17.567"/>
</kw>
<status status="PASS" starttime="20220406 16:23:11.386" endtime="20220406 16:23:17.568"/>
</test>
<doc>Parametrization in Robot framework</doc>
<status status="PASS" starttime="20220406 16:22:48.415" endtime="20220406 16:23:17.571"/>
</suite>
<status status="PASS" starttime="20220406 16:22:48.413" endtime="20220406 16:23:17.578"/>
</suite>
<status status="PASS" starttime="20220406 16:22:48.393" endtime="20220406 16:23:17.583"/>
</suite>
<statistics>
<total>
<stat pass="3" fail="0" skip="0">All Tests</stat>
</total>
<tag>
</tag>
<suite>
<stat pass="3" fail="0" skip="0" id="s1" name="UdemyRF">UdemyRF</stat>
<stat pass="3" fail="0" skip="0" id="s1-s1" name="Tests">UdemyRF.Tests</stat>
<stat pass="3" fail="0" skip="0" id="s1-s1-s1" name="testDemo5">UdemyRF.Tests.testDemo5</stat>
</suite>
</statistics>
<errors>
</errors>
</robot>
